c:\users\weibi\source\repos\shipmentitems\shipmentitems\x64\debug\vc143.pdb
c:\users\weibi\source\repos\shipmentitems\shipmentitems\x64\debug\vc143.idb
c:\users\weibi\source\repos\shipmentitems\shipmentitems\x64\debug\qrc_shipmentitems.obj
c:\users\weibi\source\repos\shipmentitems\shipmentitems\x64\debug\shipmentitems.obj
c:\users\weibi\source\repos\shipmentitems\shipmentitems\x64\debug\userorders.obj
c:\users\weibi\source\repos\shipmentitems\shipmentitems\x64\debug\main.obj
c:\users\weibi\source\repos\shipmentitems\shipmentitems\x64\debug\moc_shipmentitems.obj
c:\users\weibi\source\repos\shipmentitems\x64\debug\shipmentitems.exe
c:\users\weibi\source\repos\shipmentitems\x64\debug\shipmentitems.pdb
c:\users\weibi\source\repos\shipmentitems\shipmentitems\x64\debug\qt\moc\moc_shipmentitems.cpp
c:\users\weibi\source\repos\shipmentitems\shipmentitems\x64\debug\qt\rcc\qrc_shipmentitems.cpp
c:\users\weibi\source\repos\shipmentitems\shipmentitems\x64\debug\qt\uic\ui_shipmentitems.h
c:\users\weibi\source\repos\shipmentitems\x64\debug\xlsxio_read.dll
c:\users\weibi\source\repos\shipmentitems\x64\debug\minizip.dll
c:\users\weibi\source\repos\shipmentitems\x64\debug\zlibd1.dll
c:\users\weibi\source\repos\shipmentitems\x64\debug\bz2d.dll
c:\users\weibi\source\repos\shipmentitems\x64\debug\libexpatd.dll
c:\users\weibi\source\repos\shipmentitems\x64\debug\xlsxwriter.dll
c:\users\weibi\source\repos\shipmentitems\shipmentitems\x64\debug\shipmentitems.ilk
c:\users\weibi\source\repos\shipmentitems\shipmentitems\x64\debug\shipmentitems.tlog\cl.command.1.tlog
c:\users\weibi\source\repos\shipmentitems\shipmentitems\x64\debug\shipmentitems.tlog\cl.items.tlog
c:\users\weibi\source\repos\shipmentitems\shipmentitems\x64\debug\shipmentitems.tlog\cl.read.1.tlog
c:\users\weibi\source\repos\shipmentitems\shipmentitems\x64\debug\shipmentitems.tlog\cl.write.1.tlog
c:\users\weibi\source\repos\shipmentitems\shipmentitems\x64\debug\shipmentitems.tlog\link.command.1.tlog
c:\users\weibi\source\repos\shipmentitems\shipmentitems\x64\debug\shipmentitems.tlog\link.read.1.tlog
c:\users\weibi\source\repos\shipmentitems\shipmentitems\x64\debug\shipmentitems.tlog\link.secondary.1.tlog
c:\users\weibi\source\repos\shipmentitems\shipmentitems\x64\debug\shipmentitems.tlog\link.write.1.tlog
c:\users\weibi\source\repos\shipmentitems\shipmentitems\x64\debug\shipmentitems.tlog\moc.read.1u.tlog
c:\users\weibi\source\repos\shipmentitems\shipmentitems\x64\debug\shipmentitems.tlog\moc.write.1u.tlog
c:\users\weibi\source\repos\shipmentitems\shipmentitems\x64\debug\shipmentitems.tlog\rcc.read.1u.tlog
c:\users\weibi\source\repos\shipmentitems\shipmentitems\x64\debug\shipmentitems.tlog\rcc.write.1u.tlog
c:\users\weibi\source\repos\shipmentitems\shipmentitems\x64\debug\shipmentitems.tlog\shipmentitems.write.1u.tlog
c:\users\weibi\source\repos\shipmentitems\shipmentitems\x64\debug\shipmentitems.tlog\uic.read.1u.tlog
c:\users\weibi\source\repos\shipmentitems\shipmentitems\x64\debug\shipmentitems.tlog\uic.write.1u.tlog
