# CMAKE generated file: DO NOT EDIT!
# Generated by "Ninja" Generator, CMake Version 3.30

# This file contains all the build statements describing the
# compilation DAG.

# =============================================================================
# Write statements declared in CMakeLists.txt:
# 
# Which is the root file.
# =============================================================================

# =============================================================================
# Project: minizip
# Configurations: Debug
# =============================================================================

#############################################
# Minimal version of Ninja required by this file

ninja_required_version = 1.5


#############################################
# Set configuration variable for custom commands.

CONFIGURATION = Debug
# =============================================================================
# Include auxiliary files.


#############################################
# Include rules file.

include CMakeFiles\rules.ninja

# =============================================================================

#############################################
# Logical path to working directory; prefix for absolute paths.

cmake_ninja_workdir = C$:\Users\weibi\source\repos\ShipmentItems\vcpkg_installed\vcpkg\blds\minizip\x64-windows-dbg\
# =============================================================================
# Object build statements for SHARED_LIBRARY target minizip


#############################################
# Order-only phony target for minizip

build cmake_object_order_depends_target_minizip: phony || .

build CMakeFiles\minizip.dir\ioapi.c.obj: C_COMPILER__minizip_unscanned_Debug C$:\Users\weibi\source\repos\ShipmentItems\vcpkg_installed\vcpkg\blds\minizip\src\v1.3.1-2a3c4cf735.clean\contrib\minizip\ioapi.c || cmake_object_order_depends_target_minizip
  DEFINES = -D_ZLIB_H -Dminizip_EXPORTS
  FLAGS = /nologo /DWIN32 /D_WINDOWS /utf-8 /MP  /D_DEBUG /MDd /Z7 /Ob0 /Od /RTC1  -MDd /W3 /wd4005 /wd4996 /wd4018 -D_CRT_SECURE_NO_WARNINGS
  INCLUDES = -external:IC:\Users\weibi\source\repos\ShipmentItems\vcpkg_installed\x64-windows\include -external:W0
  OBJECT_DIR = CMakeFiles\minizip.dir
  OBJECT_FILE_DIR = CMakeFiles\minizip.dir
  TARGET_COMPILE_PDB = CMakeFiles\minizip.dir\
  TARGET_PDB = minizip.pdb

build CMakeFiles\minizip.dir\unzip.c.obj: C_COMPILER__minizip_unscanned_Debug C$:\Users\weibi\source\repos\ShipmentItems\vcpkg_installed\vcpkg\blds\minizip\src\v1.3.1-2a3c4cf735.clean\contrib\minizip\unzip.c || cmake_object_order_depends_target_minizip
  DEFINES = -D_ZLIB_H -Dminizip_EXPORTS
  FLAGS = /nologo /DWIN32 /D_WINDOWS /utf-8 /MP  /D_DEBUG /MDd /Z7 /Ob0 /Od /RTC1  -MDd /W3 /wd4005 /wd4996 /wd4018 -D_CRT_SECURE_NO_WARNINGS
  INCLUDES = -external:IC:\Users\weibi\source\repos\ShipmentItems\vcpkg_installed\x64-windows\include -external:W0
  OBJECT_DIR = CMakeFiles\minizip.dir
  OBJECT_FILE_DIR = CMakeFiles\minizip.dir
  TARGET_COMPILE_PDB = CMakeFiles\minizip.dir\
  TARGET_PDB = minizip.pdb

build CMakeFiles\minizip.dir\zip.c.obj: C_COMPILER__minizip_unscanned_Debug C$:\Users\weibi\source\repos\ShipmentItems\vcpkg_installed\vcpkg\blds\minizip\src\v1.3.1-2a3c4cf735.clean\contrib\minizip\zip.c || cmake_object_order_depends_target_minizip
  DEFINES = -D_ZLIB_H -Dminizip_EXPORTS
  FLAGS = /nologo /DWIN32 /D_WINDOWS /utf-8 /MP  /D_DEBUG /MDd /Z7 /Ob0 /Od /RTC1  -MDd /W3 /wd4005 /wd4996 /wd4018 -D_CRT_SECURE_NO_WARNINGS
  INCLUDES = -external:IC:\Users\weibi\source\repos\ShipmentItems\vcpkg_installed\x64-windows\include -external:W0
  OBJECT_DIR = CMakeFiles\minizip.dir
  OBJECT_FILE_DIR = CMakeFiles\minizip.dir
  TARGET_COMPILE_PDB = CMakeFiles\minizip.dir\
  TARGET_PDB = minizip.pdb

build CMakeFiles\minizip.dir\mztools.c.obj: C_COMPILER__minizip_unscanned_Debug C$:\Users\weibi\source\repos\ShipmentItems\vcpkg_installed\vcpkg\blds\minizip\src\v1.3.1-2a3c4cf735.clean\contrib\minizip\mztools.c || cmake_object_order_depends_target_minizip
  DEFINES = -D_ZLIB_H -Dminizip_EXPORTS
  FLAGS = /nologo /DWIN32 /D_WINDOWS /utf-8 /MP  /D_DEBUG /MDd /Z7 /Ob0 /Od /RTC1  -MDd /W3 /wd4005 /wd4996 /wd4018 -D_CRT_SECURE_NO_WARNINGS
  INCLUDES = -external:IC:\Users\weibi\source\repos\ShipmentItems\vcpkg_installed\x64-windows\include -external:W0
  OBJECT_DIR = CMakeFiles\minizip.dir
  OBJECT_FILE_DIR = CMakeFiles\minizip.dir
  TARGET_COMPILE_PDB = CMakeFiles\minizip.dir\
  TARGET_PDB = minizip.pdb

build CMakeFiles\minizip.dir\iowin32.c.obj: C_COMPILER__minizip_unscanned_Debug C$:\Users\weibi\source\repos\ShipmentItems\vcpkg_installed\vcpkg\blds\minizip\src\v1.3.1-2a3c4cf735.clean\contrib\minizip\iowin32.c || cmake_object_order_depends_target_minizip
  DEFINES = -D_ZLIB_H -Dminizip_EXPORTS
  FLAGS = /nologo /DWIN32 /D_WINDOWS /utf-8 /MP  /D_DEBUG /MDd /Z7 /Ob0 /Od /RTC1  -MDd /W3 /wd4005 /wd4996 /wd4018 -D_CRT_SECURE_NO_WARNINGS
  INCLUDES = -external:IC:\Users\weibi\source\repos\ShipmentItems\vcpkg_installed\x64-windows\include -external:W0
  OBJECT_DIR = CMakeFiles\minizip.dir
  OBJECT_FILE_DIR = CMakeFiles\minizip.dir
  TARGET_COMPILE_PDB = CMakeFiles\minizip.dir\
  TARGET_PDB = minizip.pdb


# =============================================================================
# Link build statements for SHARED_LIBRARY target minizip


#############################################
# Link the shared library minizip.dll

build minizip.dll minizip.lib: C_SHARED_LIBRARY_LINKER__minizip_Debug CMakeFiles\minizip.dir\ioapi.c.obj CMakeFiles\minizip.dir\unzip.c.obj CMakeFiles\minizip.dir\zip.c.obj CMakeFiles\minizip.dir\mztools.c.obj CMakeFiles\minizip.dir\iowin32.c.obj | C$:\Users\weibi\source\repos\ShipmentItems\vcpkg_installed\x64-windows\debug\lib\zlibd.lib C$:\Users\weibi\source\repos\ShipmentItems\vcpkg_installed\vcpkg\blds\minizip\src\v1.3.1-2a3c4cf735.clean\contrib\minizip\minizip-win32.def
  LANGUAGE_COMPILE_FLAGS = /nologo /DWIN32 /D_WINDOWS /utf-8 /MP  /D_DEBUG /MDd /Z7 /Ob0 /Od /RTC1  -MDd
  LINK_FLAGS = /machine:x64 /nologo    /debug /INCREMENTAL  /DEF:C:\Users\weibi\source\repos\ShipmentItems\vcpkg_installed\vcpkg\blds\minizip\src\v1.3.1-2a3c4cf735.clean\contrib\minizip\minizip-win32.def
  LINK_LIBRARIES = C:\Users\weibi\source\repos\ShipmentItems\vcpkg_installed\x64-windows\debug\lib\zlibd.lib  kernel32.lib user32.lib gdi32.lib winspool.lib shell32.lib ole32.lib oleaut32.lib uuid.lib comdlg32.lib advapi32.lib
  OBJECT_DIR = CMakeFiles\minizip.dir
  POST_BUILD = cd .
  PRE_LINK = cd .
  RESTAT = 1
  TARGET_COMPILE_PDB = CMakeFiles\minizip.dir\
  TARGET_FILE = minizip.dll
  TARGET_IMPLIB = minizip.lib
  TARGET_PDB = minizip.pdb


#############################################
# Utility command for edit_cache

build CMakeFiles\edit_cache.util: CUSTOM_COMMAND
  COMMAND = C:\WINDOWS\system32\cmd.exe /C "cd /D C:\Users\weibi\source\repos\ShipmentItems\vcpkg_installed\vcpkg\blds\minizip\x64-windows-dbg && "C:\Program Files\Microsoft Visual Studio\2022\Community\Common7\IDE\CommonExtensions\Microsoft\CMake\CMake\bin\cmake.exe" -E echo "No interactive CMake dialog available.""
  DESC = No interactive CMake dialog available...
  restat = 1

build edit_cache: phony CMakeFiles\edit_cache.util


#############################################
# Utility command for rebuild_cache

build CMakeFiles\rebuild_cache.util: CUSTOM_COMMAND
  COMMAND = C:\WINDOWS\system32\cmd.exe /C "cd /D C:\Users\weibi\source\repos\ShipmentItems\vcpkg_installed\vcpkg\blds\minizip\x64-windows-dbg && "C:\Program Files\Microsoft Visual Studio\2022\Community\Common7\IDE\CommonExtensions\Microsoft\CMake\CMake\bin\cmake.exe" --regenerate-during-build -SC:\Users\weibi\source\repos\ShipmentItems\vcpkg_installed\vcpkg\blds\minizip\src\v1.3.1-2a3c4cf735.clean\contrib\minizip -BC:\Users\weibi\source\repos\ShipmentItems\vcpkg_installed\vcpkg\blds\minizip\x64-windows-dbg"
  DESC = Running CMake to regenerate build system...
  pool = console
  restat = 1

build rebuild_cache: phony CMakeFiles\rebuild_cache.util


#############################################
# Utility command for list_install_components

build list_install_components: phony


#############################################
# Utility command for install

build CMakeFiles\install.util: CUSTOM_COMMAND all
  COMMAND = C:\WINDOWS\system32\cmd.exe /C "cd /D C:\Users\weibi\source\repos\ShipmentItems\vcpkg_installed\vcpkg\blds\minizip\x64-windows-dbg && "C:\Program Files\Microsoft Visual Studio\2022\Community\Common7\IDE\CommonExtensions\Microsoft\CMake\CMake\bin\cmake.exe" -P cmake_install.cmake"
  DESC = Install the project...
  pool = console
  restat = 1

build install: phony CMakeFiles\install.util


#############################################
# Utility command for install/local

build CMakeFiles\install\local.util: CUSTOM_COMMAND all
  COMMAND = C:\WINDOWS\system32\cmd.exe /C "cd /D C:\Users\weibi\source\repos\ShipmentItems\vcpkg_installed\vcpkg\blds\minizip\x64-windows-dbg && "C:\Program Files\Microsoft Visual Studio\2022\Community\Common7\IDE\CommonExtensions\Microsoft\CMake\CMake\bin\cmake.exe" -DCMAKE_INSTALL_LOCAL_ONLY=1 -P cmake_install.cmake"
  DESC = Installing only the local directory...
  pool = console
  restat = 1

build install\local: phony CMakeFiles\install\local.util

# =============================================================================
# Target aliases.

build minizip: phony minizip.dll

# =============================================================================
# Folder targets.

# =============================================================================

#############################################
# Folder: C:/Users/weibi/source/repos/ShipmentItems/vcpkg_installed/vcpkg/blds/minizip/x64-windows-dbg

build all: phony minizip.dll

# =============================================================================
# Built-in targets


#############################################
# Re-run CMake if any of its inputs changed.

build build.ninja: RERUN_CMAKE | C$:\Program$ Files\Microsoft$ Visual$ Studio\2022\Community\Common7\IDE\CommonExtensions\Microsoft\CMake\CMake\share\cmake-3.30\Modules\BasicConfigVersion-SameMajorVersion.cmake.in C$:\Program$ Files\Microsoft$ Visual$ Studio\2022\Community\Common7\IDE\CommonExtensions\Microsoft\CMake\CMake\share\cmake-3.30\Modules\CMakeCCompiler.cmake.in C$:\Program$ Files\Microsoft$ Visual$ Studio\2022\Community\Common7\IDE\CommonExtensions\Microsoft\CMake\CMake\share\cmake-3.30\Modules\CMakeCCompilerABI.c C$:\Program$ Files\Microsoft$ Visual$ Studio\2022\Community\Common7\IDE\CommonExtensions\Microsoft\CMake\CMake\share\cmake-3.30\Modules\CMakeCInformation.cmake C$:\Program$ Files\Microsoft$ Visual$ Studio\2022\Community\Common7\IDE\CommonExtensions\Microsoft\CMake\CMake\share\cmake-3.30\Modules\CMakeCommonLanguageInclude.cmake C$:\Program$ Files\Microsoft$ Visual$ Studio\2022\Community\Common7\IDE\CommonExtensions\Microsoft\CMake\CMake\share\cmake-3.30\Modules\CMakeCompilerIdDetection.cmake C$:\Program$ Files\Microsoft$ Visual$ Studio\2022\Community\Common7\IDE\CommonExtensions\Microsoft\CMake\CMake\share\cmake-3.30\Modules\CMakeDependentOption.cmake C$:\Program$ Files\Microsoft$ Visual$ Studio\2022\Community\Common7\IDE\CommonExtensions\Microsoft\CMake\CMake\share\cmake-3.30\Modules\CMakeDetermineCCompiler.cmake C$:\Program$ Files\Microsoft$ Visual$ Studio\2022\Community\Common7\IDE\CommonExtensions\Microsoft\CMake\CMake\share\cmake-3.30\Modules\CMakeDetermineCompiler.cmake C$:\Program$ Files\Microsoft$ Visual$ Studio\2022\Community\Common7\IDE\CommonExtensions\Microsoft\CMake\CMake\share\cmake-3.30\Modules\CMakeDetermineCompilerABI.cmake C$:\Program$ Files\Microsoft$ Visual$ Studio\2022\Community\Common7\IDE\CommonExtensions\Microsoft\CMake\CMake\share\cmake-3.30\Modules\CMakeDetermineCompilerId.cmake C$:\Program$ Files\Microsoft$ Visual$ Studio\2022\Community\Common7\IDE\CommonExtensions\Microsoft\CMake\CMake\share\cmake-3.30\Modules\CMakeDetermineCompilerSupport.cmake C$:\Program$ Files\Microsoft$ Visual$ Studio\2022\Community\Common7\IDE\CommonExtensions\Microsoft\CMake\CMake\share\cmake-3.30\Modules\CMakeDetermineRCCompiler.cmake C$:\Program$ Files\Microsoft$ Visual$ Studio\2022\Community\Common7\IDE\CommonExtensions\Microsoft\CMake\CMake\share\cmake-3.30\Modules\CMakeDetermineSystem.cmake C$:\Program$ Files\Microsoft$ Visual$ Studio\2022\Community\Common7\IDE\CommonExtensions\Microsoft\CMake\CMake\share\cmake-3.30\Modules\CMakeFindBinUtils.cmake C$:\Program$ Files\Microsoft$ Visual$ Studio\2022\Community\Common7\IDE\CommonExtensions\Microsoft\CMake\CMake\share\cmake-3.30\Modules\CMakeGenericSystem.cmake C$:\Program$ Files\Microsoft$ Visual$ Studio\2022\Community\Common7\IDE\CommonExtensions\Microsoft\CMake\CMake\share\cmake-3.30\Modules\CMakeInitializeConfigs.cmake C$:\Program$ Files\Microsoft$ Visual$ Studio\2022\Community\Common7\IDE\CommonExtensions\Microsoft\CMake\CMake\share\cmake-3.30\Modules\CMakeLanguageInformation.cmake C$:\Program$ Files\Microsoft$ Visual$ Studio\2022\Community\Common7\IDE\CommonExtensions\Microsoft\CMake\CMake\share\cmake-3.30\Modules\CMakePackageConfigHelpers.cmake C$:\Program$ Files\Microsoft$ Visual$ Studio\2022\Community\Common7\IDE\CommonExtensions\Microsoft\CMake\CMake\share\cmake-3.30\Modules\CMakeParseImplicitIncludeInfo.cmake C$:\Program$ Files\Microsoft$ Visual$ Studio\2022\Community\Common7\IDE\CommonExtensions\Microsoft\CMake\CMake\share\cmake-3.30\Modules\CMakeParseImplicitLinkInfo.cmake C$:\Program$ Files\Microsoft$ Visual$ Studio\2022\Community\Common7\IDE\CommonExtensions\Microsoft\CMake\CMake\share\cmake-3.30\Modules\CMakeParseLibraryArchitecture.cmake C$:\Program$ Files\Microsoft$ Visual$ Studio\2022\Community\Common7\IDE\CommonExtensions\Microsoft\CMake\CMake\share\cmake-3.30\Modules\CMakeRCCompiler.cmake.in C$:\Program$ Files\Microsoft$ Visual$ Studio\2022\Community\Common7\IDE\CommonExtensions\Microsoft\CMake\CMake\share\cmake-3.30\Modules\CMakeRCInformation.cmake C$:\Program$ Files\Microsoft$ Visual$ Studio\2022\Community\Common7\IDE\CommonExtensions\Microsoft\CMake\CMake\share\cmake-3.30\Modules\CMakeSystem.cmake.in C$:\Program$ Files\Microsoft$ Visual$ Studio\2022\Community\Common7\IDE\CommonExtensions\Microsoft\CMake\CMake\share\cmake-3.30\Modules\CMakeSystemSpecificInformation.cmake C$:\Program$ Files\Microsoft$ Visual$ Studio\2022\Community\Common7\IDE\CommonExtensions\Microsoft\CMake\CMake\share\cmake-3.30\Modules\CMakeSystemSpecificInitialize.cmake C$:\Program$ Files\Microsoft$ Visual$ Studio\2022\Community\Common7\IDE\CommonExtensions\Microsoft\CMake\CMake\share\cmake-3.30\Modules\CMakeTestCCompiler.cmake C$:\Program$ Files\Microsoft$ Visual$ Studio\2022\Community\Common7\IDE\CommonExtensions\Microsoft\CMake\CMake\share\cmake-3.30\Modules\CMakeTestCompilerCommon.cmake C$:\Program$ Files\Microsoft$ Visual$ Studio\2022\Community\Common7\IDE\CommonExtensions\Microsoft\CMake\CMake\share\cmake-3.30\Modules\CMakeTestRCCompiler.cmake C$:\Program$ Files\Microsoft$ Visual$ Studio\2022\Community\Common7\IDE\CommonExtensions\Microsoft\CMake\CMake\share\cmake-3.30\Modules\Compiler\ADSP-DetermineCompiler.cmake C$:\Program$ Files\Microsoft$ Visual$ Studio\2022\Community\Common7\IDE\CommonExtensions\Microsoft\CMake\CMake\share\cmake-3.30\Modules\Compiler\ARMCC-DetermineCompiler.cmake C$:\Program$ Files\Microsoft$ Visual$ Studio\2022\Community\Common7\IDE\CommonExtensions\Microsoft\CMake\CMake\share\cmake-3.30\Modules\Compiler\ARMClang-DetermineCompiler.cmake C$:\Program$ Files\Microsoft$ Visual$ Studio\2022\Community\Common7\IDE\CommonExtensions\Microsoft\CMake\CMake\share\cmake-3.30\Modules\Compiler\AppleClang-DetermineCompiler.cmake C$:\Program$ Files\Microsoft$ Visual$ Studio\2022\Community\Common7\IDE\CommonExtensions\Microsoft\CMake\CMake\share\cmake-3.30\Modules\Compiler\Borland-DetermineCompiler.cmake C$:\Program$ Files\Microsoft$ Visual$ Studio\2022\Community\Common7\IDE\CommonExtensions\Microsoft\CMake\CMake\share\cmake-3.30\Modules\Compiler\Bruce-C-DetermineCompiler.cmake C$:\Program$ Files\Microsoft$ Visual$ Studio\2022\Community\Common7\IDE\CommonExtensions\Microsoft\CMake\CMake\share\cmake-3.30\Modules\Compiler\CMakeCommonCompilerMacros.cmake C$:\Program$ Files\Microsoft$ Visual$ Studio\2022\Community\Common7\IDE\CommonExtensions\Microsoft\CMake\CMake\share\cmake-3.30\Modules\Compiler\Clang-DetermineCompiler.cmake C$:\Program$ Files\Microsoft$ Visual$ Studio\2022\Community\Common7\IDE\CommonExtensions\Microsoft\CMake\CMake\share\cmake-3.30\Modules\Compiler\Clang-DetermineCompilerInternal.cmake C$:\Program$ Files\Microsoft$ Visual$ Studio\2022\Community\Common7\IDE\CommonExtensions\Microsoft\CMake\CMake\share\cmake-3.30\Modules\Compiler\Compaq-C-DetermineCompiler.cmake C$:\Program$ Files\Microsoft$ Visual$ Studio\2022\Community\Common7\IDE\CommonExtensions\Microsoft\CMake\CMake\share\cmake-3.30\Modules\Compiler\Cray-DetermineCompiler.cmake C$:\Program$ Files\Microsoft$ Visual$ Studio\2022\Community\Common7\IDE\CommonExtensions\Microsoft\CMake\CMake\share\cmake-3.30\Modules\Compiler\CrayClang-DetermineCompiler.cmake C$:\Program$ Files\Microsoft$ Visual$ Studio\2022\Community\Common7\IDE\CommonExtensions\Microsoft\CMake\CMake\share\cmake-3.30\Modules\Compiler\Embarcadero-DetermineCompiler.cmake C$:\Program$ Files\Microsoft$ Visual$ Studio\2022\Community\Common7\IDE\CommonExtensions\Microsoft\CMake\CMake\share\cmake-3.30\Modules\Compiler\Fujitsu-DetermineCompiler.cmake C$:\Program$ Files\Microsoft$ Visual$ Studio\2022\Community\Common7\IDE\CommonExtensions\Microsoft\CMake\CMake\share\cmake-3.30\Modules\Compiler\FujitsuClang-DetermineCompiler.cmake C$:\Program$ Files\Microsoft$ Visual$ Studio\2022\Community\Common7\IDE\CommonExtensions\Microsoft\CMake\CMake\share\cmake-3.30\Modules\Compiler\GHS-DetermineCompiler.cmake C$:\Program$ Files\Microsoft$ Visual$ Studio\2022\Community\Common7\IDE\CommonExtensions\Microsoft\CMake\CMake\share\cmake-3.30\Modules\Compiler\GNU-C-DetermineCompiler.cmake C$:\Program$ Files\Microsoft$ Visual$ Studio\2022\Community\Common7\IDE\CommonExtensions\Microsoft\CMake\CMake\share\cmake-3.30\Modules\Compiler\HP-C-DetermineCompiler.cmake C$:\Program$ Files\Microsoft$ Visual$ Studio\2022\Community\Common7\IDE\CommonExtensions\Microsoft\CMake\CMake\share\cmake-3.30\Modules\Compiler\IAR-DetermineCompiler.cmake C$:\Program$ Files\Microsoft$ Visual$ Studio\2022\Community\Common7\IDE\CommonExtensions\Microsoft\CMake\CMake\share\cmake-3.30\Modules\Compiler\IBMCPP-C-DetermineVersionInternal.cmake C$:\Program$ Files\Microsoft$ Visual$ Studio\2022\Community\Common7\IDE\CommonExtensions\Microsoft\CMake\CMake\share\cmake-3.30\Modules\Compiler\IBMClang-C-DetermineCompiler.cmake C$:\Program$ Files\Microsoft$ Visual$ Studio\2022\Community\Common7\IDE\CommonExtensions\Microsoft\CMake\CMake\share\cmake-3.30\Modules\Compiler\Intel-DetermineCompiler.cmake C$:\Program$ Files\Microsoft$ Visual$ Studio\2022\Community\Common7\IDE\CommonExtensions\Microsoft\CMake\CMake\share\cmake-3.30\Modules\Compiler\IntelLLVM-DetermineCompiler.cmake C$:\Program$ Files\Microsoft$ Visual$ Studio\2022\Community\Common7\IDE\CommonExtensions\Microsoft\CMake\CMake\share\cmake-3.30\Modules\Compiler\LCC-C-DetermineCompiler.cmake C$:\Program$ Files\Microsoft$ Visual$ Studio\2022\Community\Common7\IDE\CommonExtensions\Microsoft\CMake\CMake\share\cmake-3.30\Modules\Compiler\MSVC-C.cmake C$:\Program$ Files\Microsoft$ Visual$ Studio\2022\Community\Common7\IDE\CommonExtensions\Microsoft\CMake\CMake\share\cmake-3.30\Modules\Compiler\MSVC-DetermineCompiler.cmake C$:\Program$ Files\Microsoft$ Visual$ Studio\2022\Community\Common7\IDE\CommonExtensions\Microsoft\CMake\CMake\share\cmake-3.30\Modules\Compiler\MSVC.cmake C$:\Program$ Files\Microsoft$ Visual$ Studio\2022\Community\Common7\IDE\CommonExtensions\Microsoft\CMake\CMake\share\cmake-3.30\Modules\Compiler\NVHPC-DetermineCompiler.cmake C$:\Program$ Files\Microsoft$ Visual$ Studio\2022\Community\Common7\IDE\CommonExtensions\Microsoft\CMake\CMake\share\cmake-3.30\Modules\Compiler\NVIDIA-DetermineCompiler.cmake C$:\Program$ Files\Microsoft$ Visual$ Studio\2022\Community\Common7\IDE\CommonExtensions\Microsoft\CMake\CMake\share\cmake-3.30\Modules\Compiler\OpenWatcom-DetermineCompiler.cmake C$:\Program$ Files\Microsoft$ Visual$ Studio\2022\Community\Common7\IDE\CommonExtensions\Microsoft\CMake\CMake\share\cmake-3.30\Modules\Compiler\OrangeC-DetermineCompiler.cmake C$:\Program$ Files\Microsoft$ Visual$ Studio\2022\Community\Common7\IDE\CommonExtensions\Microsoft\CMake\CMake\share\cmake-3.30\Modules\Compiler\PGI-DetermineCompiler.cmake C$:\Program$ Files\Microsoft$ Visual$ Studio\2022\Community\Common7\IDE\CommonExtensions\Microsoft\CMake\CMake\share\cmake-3.30\Modules\Compiler\PathScale-DetermineCompiler.cmake C$:\Program$ Files\Microsoft$ Visual$ Studio\2022\Community\Common7\IDE\CommonExtensions\Microsoft\CMake\CMake\share\cmake-3.30\Modules\Compiler\SCO-DetermineCompiler.cmake C$:\Program$ Files\Microsoft$ Visual$ Studio\2022\Community\Common7\IDE\CommonExtensions\Microsoft\CMake\CMake\share\cmake-3.30\Modules\Compiler\SDCC-C-DetermineCompiler.cmake C$:\Program$ Files\Microsoft$ Visual$ Studio\2022\Community\Common7\IDE\CommonExtensions\Microsoft\CMake\CMake\share\cmake-3.30\Modules\Compiler\SunPro-C-DetermineCompiler.cmake C$:\Program$ Files\Microsoft$ Visual$ Studio\2022\Community\Common7\IDE\CommonExtensions\Microsoft\CMake\CMake\share\cmake-3.30\Modules\Compiler\TI-DetermineCompiler.cmake C$:\Program$ Files\Microsoft$ Visual$ Studio\2022\Community\Common7\IDE\CommonExtensions\Microsoft\CMake\CMake\share\cmake-3.30\Modules\Compiler\TIClang-DetermineCompiler.cmake C$:\Program$ Files\Microsoft$ Visual$ Studio\2022\Community\Common7\IDE\CommonExtensions\Microsoft\CMake\CMake\share\cmake-3.30\Modules\Compiler\Tasking-DetermineCompiler.cmake C$:\Program$ Files\Microsoft$ Visual$ Studio\2022\Community\Common7\IDE\CommonExtensions\Microsoft\CMake\CMake\share\cmake-3.30\Modules\Compiler\TinyCC-C-DetermineCompiler.cmake C$:\Program$ Files\Microsoft$ Visual$ Studio\2022\Community\Common7\IDE\CommonExtensions\Microsoft\CMake\CMake\share\cmake-3.30\Modules\Compiler\VisualAge-C-DetermineCompiler.cmake C$:\Program$ Files\Microsoft$ Visual$ Studio\2022\Community\Common7\IDE\CommonExtensions\Microsoft\CMake\CMake\share\cmake-3.30\Modules\Compiler\Watcom-DetermineCompiler.cmake C$:\Program$ Files\Microsoft$ Visual$ Studio\2022\Community\Common7\IDE\CommonExtensions\Microsoft\CMake\CMake\share\cmake-3.30\Modules\Compiler\XL-C-DetermineCompiler.cmake C$:\Program$ Files\Microsoft$ Visual$ Studio\2022\Community\Common7\IDE\CommonExtensions\Microsoft\CMake\CMake\share\cmake-3.30\Modules\Compiler\XLClang-C-DetermineCompiler.cmake C$:\Program$ Files\Microsoft$ Visual$ Studio\2022\Community\Common7\IDE\CommonExtensions\Microsoft\CMake\CMake\share\cmake-3.30\Modules\Compiler\zOS-C-DetermineCompiler.cmake C$:\Program$ Files\Microsoft$ Visual$ Studio\2022\Community\Common7\IDE\CommonExtensions\Microsoft\CMake\CMake\share\cmake-3.30\Modules\FindPackageHandleStandardArgs.cmake C$:\Program$ Files\Microsoft$ Visual$ Studio\2022\Community\Common7\IDE\CommonExtensions\Microsoft\CMake\CMake\share\cmake-3.30\Modules\FindPackageMessage.cmake C$:\Program$ Files\Microsoft$ Visual$ Studio\2022\Community\Common7\IDE\CommonExtensions\Microsoft\CMake\CMake\share\cmake-3.30\Modules\FindZLIB.cmake C$:\Program$ Files\Microsoft$ Visual$ Studio\2022\Community\Common7\IDE\CommonExtensions\Microsoft\CMake\CMake\share\cmake-3.30\Modules\Internal\CMakeDetermineLinkerId.cmake C$:\Program$ Files\Microsoft$ Visual$ Studio\2022\Community\Common7\IDE\CommonExtensions\Microsoft\CMake\CMake\share\cmake-3.30\Modules\Internal\FeatureTesting.cmake C$:\Program$ Files\Microsoft$ Visual$ Studio\2022\Community\Common7\IDE\CommonExtensions\Microsoft\CMake\CMake\share\cmake-3.30\Modules\Platform\Windows-Initialize.cmake C$:\Program$ Files\Microsoft$ Visual$ Studio\2022\Community\Common7\IDE\CommonExtensions\Microsoft\CMake\CMake\share\cmake-3.30\Modules\Platform\Windows-MSVC-C.cmake C$:\Program$ Files\Microsoft$ Visual$ Studio\2022\Community\Common7\IDE\CommonExtensions\Microsoft\CMake\CMake\share\cmake-3.30\Modules\Platform\Windows-MSVC.cmake C$:\Program$ Files\Microsoft$ Visual$ Studio\2022\Community\Common7\IDE\CommonExtensions\Microsoft\CMake\CMake\share\cmake-3.30\Modules\Platform\Windows.cmake C$:\Program$ Files\Microsoft$ Visual$ Studio\2022\Community\Common7\IDE\CommonExtensions\Microsoft\CMake\CMake\share\cmake-3.30\Modules\Platform\WindowsPaths.cmake C$:\Program$ Files\Microsoft$ Visual$ Studio\2022\Community\Common7\IDE\CommonExtensions\Microsoft\CMake\CMake\share\cmake-3.30\Modules\SelectLibraryConfigurations.cmake C$:\Program$ Files\Microsoft$ Visual$ Studio\2022\Community\Common7\IDE\CommonExtensions\Microsoft\CMake\CMake\share\cmake-3.30\Modules\WriteBasicConfigVersionFile.cmake C$:\Program$ Files\Microsoft$ Visual$ Studio\2022\Community\VC\vcpkg\scripts\buildsystems\vcpkg.cmake C$:\Program$ Files\Microsoft$ Visual$ Studio\2022\Community\VC\vcpkg\scripts\toolchains\windows.cmake C$:\Users\weibi\source\repos\ShipmentItems\vcpkg_installed\vcpkg\blds\minizip\src\v1.3.1-2a3c4cf735.clean\contrib\minizip\CMakeLists.txt C$:\Users\weibi\source\repos\ShipmentItems\vcpkg_installed\vcpkg\blds\minizip\src\v1.3.1-2a3c4cf735.clean\contrib\minizip\minizip.pc.in C$:\Users\weibi\source\repos\ShipmentItems\vcpkg_installed\vcpkg\blds\minizip\src\v1.3.1-2a3c4cf735.clean\contrib\minizip\unofficial-minizipConfig.cmake.in C$:\Users\weibi\source\repos\ShipmentItems\vcpkg_installed\x64-windows\share\zlib\vcpkg-cmake-wrapper.cmake CMakeCache.txt CMakeFiles\3.30.5-msvc23\CMakeCCompiler.cmake CMakeFiles\3.30.5-msvc23\CMakeRCCompiler.cmake CMakeFiles\3.30.5-msvc23\CMakeSystem.cmake
  pool = console


#############################################
# A missing CMake input file is not an error.

build C$:\Program$ Files\Microsoft$ Visual$ Studio\2022\Community\Common7\IDE\CommonExtensions\Microsoft\CMake\CMake\share\cmake-3.30\Modules\BasicConfigVersion-SameMajorVersion.cmake.in C$:\Program$ Files\Microsoft$ Visual$ Studio\2022\Community\Common7\IDE\CommonExtensions\Microsoft\CMake\CMake\share\cmake-3.30\Modules\CMakeCCompiler.cmake.in C$:\Program$ Files\Microsoft$ Visual$ Studio\2022\Community\Common7\IDE\CommonExtensions\Microsoft\CMake\CMake\share\cmake-3.30\Modules\CMakeCCompilerABI.c C$:\Program$ Files\Microsoft$ Visual$ Studio\2022\Community\Common7\IDE\CommonExtensions\Microsoft\CMake\CMake\share\cmake-3.30\Modules\CMakeCInformation.cmake C$:\Program$ Files\Microsoft$ Visual$ Studio\2022\Community\Common7\IDE\CommonExtensions\Microsoft\CMake\CMake\share\cmake-3.30\Modules\CMakeCommonLanguageInclude.cmake C$:\Program$ Files\Microsoft$ Visual$ Studio\2022\Community\Common7\IDE\CommonExtensions\Microsoft\CMake\CMake\share\cmake-3.30\Modules\CMakeCompilerIdDetection.cmake C$:\Program$ Files\Microsoft$ Visual$ Studio\2022\Community\Common7\IDE\CommonExtensions\Microsoft\CMake\CMake\share\cmake-3.30\Modules\CMakeDependentOption.cmake C$:\Program$ Files\Microsoft$ Visual$ Studio\2022\Community\Common7\IDE\CommonExtensions\Microsoft\CMake\CMake\share\cmake-3.30\Modules\CMakeDetermineCCompiler.cmake C$:\Program$ Files\Microsoft$ Visual$ Studio\2022\Community\Common7\IDE\CommonExtensions\Microsoft\CMake\CMake\share\cmake-3.30\Modules\CMakeDetermineCompiler.cmake C$:\Program$ Files\Microsoft$ Visual$ Studio\2022\Community\Common7\IDE\CommonExtensions\Microsoft\CMake\CMake\share\cmake-3.30\Modules\CMakeDetermineCompilerABI.cmake C$:\Program$ Files\Microsoft$ Visual$ Studio\2022\Community\Common7\IDE\CommonExtensions\Microsoft\CMake\CMake\share\cmake-3.30\Modules\CMakeDetermineCompilerId.cmake C$:\Program$ Files\Microsoft$ Visual$ Studio\2022\Community\Common7\IDE\CommonExtensions\Microsoft\CMake\CMake\share\cmake-3.30\Modules\CMakeDetermineCompilerSupport.cmake C$:\Program$ Files\Microsoft$ Visual$ Studio\2022\Community\Common7\IDE\CommonExtensions\Microsoft\CMake\CMake\share\cmake-3.30\Modules\CMakeDetermineRCCompiler.cmake C$:\Program$ Files\Microsoft$ Visual$ Studio\2022\Community\Common7\IDE\CommonExtensions\Microsoft\CMake\CMake\share\cmake-3.30\Modules\CMakeDetermineSystem.cmake C$:\Program$ Files\Microsoft$ Visual$ Studio\2022\Community\Common7\IDE\CommonExtensions\Microsoft\CMake\CMake\share\cmake-3.30\Modules\CMakeFindBinUtils.cmake C$:\Program$ Files\Microsoft$ Visual$ Studio\2022\Community\Common7\IDE\CommonExtensions\Microsoft\CMake\CMake\share\cmake-3.30\Modules\CMakeGenericSystem.cmake C$:\Program$ Files\Microsoft$ Visual$ Studio\2022\Community\Common7\IDE\CommonExtensions\Microsoft\CMake\CMake\share\cmake-3.30\Modules\CMakeInitializeConfigs.cmake C$:\Program$ Files\Microsoft$ Visual$ Studio\2022\Community\Common7\IDE\CommonExtensions\Microsoft\CMake\CMake\share\cmake-3.30\Modules\CMakeLanguageInformation.cmake C$:\Program$ Files\Microsoft$ Visual$ Studio\2022\Community\Common7\IDE\CommonExtensions\Microsoft\CMake\CMake\share\cmake-3.30\Modules\CMakePackageConfigHelpers.cmake C$:\Program$ Files\Microsoft$ Visual$ Studio\2022\Community\Common7\IDE\CommonExtensions\Microsoft\CMake\CMake\share\cmake-3.30\Modules\CMakeParseImplicitIncludeInfo.cmake C$:\Program$ Files\Microsoft$ Visual$ Studio\2022\Community\Common7\IDE\CommonExtensions\Microsoft\CMake\CMake\share\cmake-3.30\Modules\CMakeParseImplicitLinkInfo.cmake C$:\Program$ Files\Microsoft$ Visual$ Studio\2022\Community\Common7\IDE\CommonExtensions\Microsoft\CMake\CMake\share\cmake-3.30\Modules\CMakeParseLibraryArchitecture.cmake C$:\Program$ Files\Microsoft$ Visual$ Studio\2022\Community\Common7\IDE\CommonExtensions\Microsoft\CMake\CMake\share\cmake-3.30\Modules\CMakeRCCompiler.cmake.in C$:\Program$ Files\Microsoft$ Visual$ Studio\2022\Community\Common7\IDE\CommonExtensions\Microsoft\CMake\CMake\share\cmake-3.30\Modules\CMakeRCInformation.cmake C$:\Program$ Files\Microsoft$ Visual$ Studio\2022\Community\Common7\IDE\CommonExtensions\Microsoft\CMake\CMake\share\cmake-3.30\Modules\CMakeSystem.cmake.in C$:\Program$ Files\Microsoft$ Visual$ Studio\2022\Community\Common7\IDE\CommonExtensions\Microsoft\CMake\CMake\share\cmake-3.30\Modules\CMakeSystemSpecificInformation.cmake C$:\Program$ Files\Microsoft$ Visual$ Studio\2022\Community\Common7\IDE\CommonExtensions\Microsoft\CMake\CMake\share\cmake-3.30\Modules\CMakeSystemSpecificInitialize.cmake C$:\Program$ Files\Microsoft$ Visual$ Studio\2022\Community\Common7\IDE\CommonExtensions\Microsoft\CMake\CMake\share\cmake-3.30\Modules\CMakeTestCCompiler.cmake C$:\Program$ Files\Microsoft$ Visual$ Studio\2022\Community\Common7\IDE\CommonExtensions\Microsoft\CMake\CMake\share\cmake-3.30\Modules\CMakeTestCompilerCommon.cmake C$:\Program$ Files\Microsoft$ Visual$ Studio\2022\Community\Common7\IDE\CommonExtensions\Microsoft\CMake\CMake\share\cmake-3.30\Modules\CMakeTestRCCompiler.cmake C$:\Program$ Files\Microsoft$ Visual$ Studio\2022\Community\Common7\IDE\CommonExtensions\Microsoft\CMake\CMake\share\cmake-3.30\Modules\Compiler\ADSP-DetermineCompiler.cmake C$:\Program$ Files\Microsoft$ Visual$ Studio\2022\Community\Common7\IDE\CommonExtensions\Microsoft\CMake\CMake\share\cmake-3.30\Modules\Compiler\ARMCC-DetermineCompiler.cmake C$:\Program$ Files\Microsoft$ Visual$ Studio\2022\Community\Common7\IDE\CommonExtensions\Microsoft\CMake\CMake\share\cmake-3.30\Modules\Compiler\ARMClang-DetermineCompiler.cmake C$:\Program$ Files\Microsoft$ Visual$ Studio\2022\Community\Common7\IDE\CommonExtensions\Microsoft\CMake\CMake\share\cmake-3.30\Modules\Compiler\AppleClang-DetermineCompiler.cmake C$:\Program$ Files\Microsoft$ Visual$ Studio\2022\Community\Common7\IDE\CommonExtensions\Microsoft\CMake\CMake\share\cmake-3.30\Modules\Compiler\Borland-DetermineCompiler.cmake C$:\Program$ Files\Microsoft$ Visual$ Studio\2022\Community\Common7\IDE\CommonExtensions\Microsoft\CMake\CMake\share\cmake-3.30\Modules\Compiler\Bruce-C-DetermineCompiler.cmake C$:\Program$ Files\Microsoft$ Visual$ Studio\2022\Community\Common7\IDE\CommonExtensions\Microsoft\CMake\CMake\share\cmake-3.30\Modules\Compiler\CMakeCommonCompilerMacros.cmake C$:\Program$ Files\Microsoft$ Visual$ Studio\2022\Community\Common7\IDE\CommonExtensions\Microsoft\CMake\CMake\share\cmake-3.30\Modules\Compiler\Clang-DetermineCompiler.cmake C$:\Program$ Files\Microsoft$ Visual$ Studio\2022\Community\Common7\IDE\CommonExtensions\Microsoft\CMake\CMake\share\cmake-3.30\Modules\Compiler\Clang-DetermineCompilerInternal.cmake C$:\Program$ Files\Microsoft$ Visual$ Studio\2022\Community\Common7\IDE\CommonExtensions\Microsoft\CMake\CMake\share\cmake-3.30\Modules\Compiler\Compaq-C-DetermineCompiler.cmake C$:\Program$ Files\Microsoft$ Visual$ Studio\2022\Community\Common7\IDE\CommonExtensions\Microsoft\CMake\CMake\share\cmake-3.30\Modules\Compiler\Cray-DetermineCompiler.cmake C$:\Program$ Files\Microsoft$ Visual$ Studio\2022\Community\Common7\IDE\CommonExtensions\Microsoft\CMake\CMake\share\cmake-3.30\Modules\Compiler\CrayClang-DetermineCompiler.cmake C$:\Program$ Files\Microsoft$ Visual$ Studio\2022\Community\Common7\IDE\CommonExtensions\Microsoft\CMake\CMake\share\cmake-3.30\Modules\Compiler\Embarcadero-DetermineCompiler.cmake C$:\Program$ Files\Microsoft$ Visual$ Studio\2022\Community\Common7\IDE\CommonExtensions\Microsoft\CMake\CMake\share\cmake-3.30\Modules\Compiler\Fujitsu-DetermineCompiler.cmake C$:\Program$ Files\Microsoft$ Visual$ Studio\2022\Community\Common7\IDE\CommonExtensions\Microsoft\CMake\CMake\share\cmake-3.30\Modules\Compiler\FujitsuClang-DetermineCompiler.cmake C$:\Program$ Files\Microsoft$ Visual$ Studio\2022\Community\Common7\IDE\CommonExtensions\Microsoft\CMake\CMake\share\cmake-3.30\Modules\Compiler\GHS-DetermineCompiler.cmake C$:\Program$ Files\Microsoft$ Visual$ Studio\2022\Community\Common7\IDE\CommonExtensions\Microsoft\CMake\CMake\share\cmake-3.30\Modules\Compiler\GNU-C-DetermineCompiler.cmake C$:\Program$ Files\Microsoft$ Visual$ Studio\2022\Community\Common7\IDE\CommonExtensions\Microsoft\CMake\CMake\share\cmake-3.30\Modules\Compiler\HP-C-DetermineCompiler.cmake C$:\Program$ Files\Microsoft$ Visual$ Studio\2022\Community\Common7\IDE\CommonExtensions\Microsoft\CMake\CMake\share\cmake-3.30\Modules\Compiler\IAR-DetermineCompiler.cmake C$:\Program$ Files\Microsoft$ Visual$ Studio\2022\Community\Common7\IDE\CommonExtensions\Microsoft\CMake\CMake\share\cmake-3.30\Modules\Compiler\IBMCPP-C-DetermineVersionInternal.cmake C$:\Program$ Files\Microsoft$ Visual$ Studio\2022\Community\Common7\IDE\CommonExtensions\Microsoft\CMake\CMake\share\cmake-3.30\Modules\Compiler\IBMClang-C-DetermineCompiler.cmake C$:\Program$ Files\Microsoft$ Visual$ Studio\2022\Community\Common7\IDE\CommonExtensions\Microsoft\CMake\CMake\share\cmake-3.30\Modules\Compiler\Intel-DetermineCompiler.cmake C$:\Program$ Files\Microsoft$ Visual$ Studio\2022\Community\Common7\IDE\CommonExtensions\Microsoft\CMake\CMake\share\cmake-3.30\Modules\Compiler\IntelLLVM-DetermineCompiler.cmake C$:\Program$ Files\Microsoft$ Visual$ Studio\2022\Community\Common7\IDE\CommonExtensions\Microsoft\CMake\CMake\share\cmake-3.30\Modules\Compiler\LCC-C-DetermineCompiler.cmake C$:\Program$ Files\Microsoft$ Visual$ Studio\2022\Community\Common7\IDE\CommonExtensions\Microsoft\CMake\CMake\share\cmake-3.30\Modules\Compiler\MSVC-C.cmake C$:\Program$ Files\Microsoft$ Visual$ Studio\2022\Community\Common7\IDE\CommonExtensions\Microsoft\CMake\CMake\share\cmake-3.30\Modules\Compiler\MSVC-DetermineCompiler.cmake C$:\Program$ Files\Microsoft$ Visual$ Studio\2022\Community\Common7\IDE\CommonExtensions\Microsoft\CMake\CMake\share\cmake-3.30\Modules\Compiler\MSVC.cmake C$:\Program$ Files\Microsoft$ Visual$ Studio\2022\Community\Common7\IDE\CommonExtensions\Microsoft\CMake\CMake\share\cmake-3.30\Modules\Compiler\NVHPC-DetermineCompiler.cmake C$:\Program$ Files\Microsoft$ Visual$ Studio\2022\Community\Common7\IDE\CommonExtensions\Microsoft\CMake\CMake\share\cmake-3.30\Modules\Compiler\NVIDIA-DetermineCompiler.cmake C$:\Program$ Files\Microsoft$ Visual$ Studio\2022\Community\Common7\IDE\CommonExtensions\Microsoft\CMake\CMake\share\cmake-3.30\Modules\Compiler\OpenWatcom-DetermineCompiler.cmake C$:\Program$ Files\Microsoft$ Visual$ Studio\2022\Community\Common7\IDE\CommonExtensions\Microsoft\CMake\CMake\share\cmake-3.30\Modules\Compiler\OrangeC-DetermineCompiler.cmake C$:\Program$ Files\Microsoft$ Visual$ Studio\2022\Community\Common7\IDE\CommonExtensions\Microsoft\CMake\CMake\share\cmake-3.30\Modules\Compiler\PGI-DetermineCompiler.cmake C$:\Program$ Files\Microsoft$ Visual$ Studio\2022\Community\Common7\IDE\CommonExtensions\Microsoft\CMake\CMake\share\cmake-3.30\Modules\Compiler\PathScale-DetermineCompiler.cmake C$:\Program$ Files\Microsoft$ Visual$ Studio\2022\Community\Common7\IDE\CommonExtensions\Microsoft\CMake\CMake\share\cmake-3.30\Modules\Compiler\SCO-DetermineCompiler.cmake C$:\Program$ Files\Microsoft$ Visual$ Studio\2022\Community\Common7\IDE\CommonExtensions\Microsoft\CMake\CMake\share\cmake-3.30\Modules\Compiler\SDCC-C-DetermineCompiler.cmake C$:\Program$ Files\Microsoft$ Visual$ Studio\2022\Community\Common7\IDE\CommonExtensions\Microsoft\CMake\CMake\share\cmake-3.30\Modules\Compiler\SunPro-C-DetermineCompiler.cmake C$:\Program$ Files\Microsoft$ Visual$ Studio\2022\Community\Common7\IDE\CommonExtensions\Microsoft\CMake\CMake\share\cmake-3.30\Modules\Compiler\TI-DetermineCompiler.cmake C$:\Program$ Files\Microsoft$ Visual$ Studio\2022\Community\Common7\IDE\CommonExtensions\Microsoft\CMake\CMake\share\cmake-3.30\Modules\Compiler\TIClang-DetermineCompiler.cmake C$:\Program$ Files\Microsoft$ Visual$ Studio\2022\Community\Common7\IDE\CommonExtensions\Microsoft\CMake\CMake\share\cmake-3.30\Modules\Compiler\Tasking-DetermineCompiler.cmake C$:\Program$ Files\Microsoft$ Visual$ Studio\2022\Community\Common7\IDE\CommonExtensions\Microsoft\CMake\CMake\share\cmake-3.30\Modules\Compiler\TinyCC-C-DetermineCompiler.cmake C$:\Program$ Files\Microsoft$ Visual$ Studio\2022\Community\Common7\IDE\CommonExtensions\Microsoft\CMake\CMake\share\cmake-3.30\Modules\Compiler\VisualAge-C-DetermineCompiler.cmake C$:\Program$ Files\Microsoft$ Visual$ Studio\2022\Community\Common7\IDE\CommonExtensions\Microsoft\CMake\CMake\share\cmake-3.30\Modules\Compiler\Watcom-DetermineCompiler.cmake C$:\Program$ Files\Microsoft$ Visual$ Studio\2022\Community\Common7\IDE\CommonExtensions\Microsoft\CMake\CMake\share\cmake-3.30\Modules\Compiler\XL-C-DetermineCompiler.cmake C$:\Program$ Files\Microsoft$ Visual$ Studio\2022\Community\Common7\IDE\CommonExtensions\Microsoft\CMake\CMake\share\cmake-3.30\Modules\Compiler\XLClang-C-DetermineCompiler.cmake C$:\Program$ Files\Microsoft$ Visual$ Studio\2022\Community\Common7\IDE\CommonExtensions\Microsoft\CMake\CMake\share\cmake-3.30\Modules\Compiler\zOS-C-DetermineCompiler.cmake C$:\Program$ Files\Microsoft$ Visual$ Studio\2022\Community\Common7\IDE\CommonExtensions\Microsoft\CMake\CMake\share\cmake-3.30\Modules\FindPackageHandleStandardArgs.cmake C$:\Program$ Files\Microsoft$ Visual$ Studio\2022\Community\Common7\IDE\CommonExtensions\Microsoft\CMake\CMake\share\cmake-3.30\Modules\FindPackageMessage.cmake C$:\Program$ Files\Microsoft$ Visual$ Studio\2022\Community\Common7\IDE\CommonExtensions\Microsoft\CMake\CMake\share\cmake-3.30\Modules\FindZLIB.cmake C$:\Program$ Files\Microsoft$ Visual$ Studio\2022\Community\Common7\IDE\CommonExtensions\Microsoft\CMake\CMake\share\cmake-3.30\Modules\Internal\CMakeDetermineLinkerId.cmake C$:\Program$ Files\Microsoft$ Visual$ Studio\2022\Community\Common7\IDE\CommonExtensions\Microsoft\CMake\CMake\share\cmake-3.30\Modules\Internal\FeatureTesting.cmake C$:\Program$ Files\Microsoft$ Visual$ Studio\2022\Community\Common7\IDE\CommonExtensions\Microsoft\CMake\CMake\share\cmake-3.30\Modules\Platform\Windows-Initialize.cmake C$:\Program$ Files\Microsoft$ Visual$ Studio\2022\Community\Common7\IDE\CommonExtensions\Microsoft\CMake\CMake\share\cmake-3.30\Modules\Platform\Windows-MSVC-C.cmake C$:\Program$ Files\Microsoft$ Visual$ Studio\2022\Community\Common7\IDE\CommonExtensions\Microsoft\CMake\CMake\share\cmake-3.30\Modules\Platform\Windows-MSVC.cmake C$:\Program$ Files\Microsoft$ Visual$ Studio\2022\Community\Common7\IDE\CommonExtensions\Microsoft\CMake\CMake\share\cmake-3.30\Modules\Platform\Windows.cmake C$:\Program$ Files\Microsoft$ Visual$ Studio\2022\Community\Common7\IDE\CommonExtensions\Microsoft\CMake\CMake\share\cmake-3.30\Modules\Platform\WindowsPaths.cmake C$:\Program$ Files\Microsoft$ Visual$ Studio\2022\Community\Common7\IDE\CommonExtensions\Microsoft\CMake\CMake\share\cmake-3.30\Modules\SelectLibraryConfigurations.cmake C$:\Program$ Files\Microsoft$ Visual$ Studio\2022\Community\Common7\IDE\CommonExtensions\Microsoft\CMake\CMake\share\cmake-3.30\Modules\WriteBasicConfigVersionFile.cmake C$:\Program$ Files\Microsoft$ Visual$ Studio\2022\Community\VC\vcpkg\scripts\buildsystems\vcpkg.cmake C$:\Program$ Files\Microsoft$ Visual$ Studio\2022\Community\VC\vcpkg\scripts\toolchains\windows.cmake C$:\Users\weibi\source\repos\ShipmentItems\vcpkg_installed\vcpkg\blds\minizip\src\v1.3.1-2a3c4cf735.clean\contrib\minizip\CMakeLists.txt C$:\Users\weibi\source\repos\ShipmentItems\vcpkg_installed\vcpkg\blds\minizip\src\v1.3.1-2a3c4cf735.clean\contrib\minizip\minizip.pc.in C$:\Users\weibi\source\repos\ShipmentItems\vcpkg_installed\vcpkg\blds\minizip\src\v1.3.1-2a3c4cf735.clean\contrib\minizip\unofficial-minizipConfig.cmake.in C$:\Users\weibi\source\repos\ShipmentItems\vcpkg_installed\x64-windows\share\zlib\vcpkg-cmake-wrapper.cmake CMakeCache.txt CMakeFiles\3.30.5-msvc23\CMakeCCompiler.cmake CMakeFiles\3.30.5-msvc23\CMakeRCCompiler.cmake CMakeFiles\3.30.5-msvc23\CMakeSystem.cmake: phony


#############################################
# Clean all the built files.

build clean: CLEAN


#############################################
# Print all primary targets available.

build help: HELP


#############################################
# Make the all target the default.

default all
