
---
events:
  -
    kind: "message-v1"
    backtrace:
      - "C:/Program Files/Microsoft Visual Studio/2022/Community/Common7/IDE/CommonExtensions/Microsoft/CMake/CMake/share/cmake-3.30/Modules/CMakeDetermineSystem.cmake:205 (message)"
      - "CMakeLists.txt:4 (project)"
    message: |
      The system is: Windows - 10.0.26100 - AMD64
  -
    kind: "message-v1"
    backtrace:
      - "C:/Program Files/Microsoft Visual Studio/2022/Community/Common7/IDE/CommonExtensions/Microsoft/CMake/CMake/share/cmake-3.30/Modules/CMakeDetermineCompilerId.cmake:17 (message)"
      - "C:/Program Files/Microsoft Visual Studio/2022/Community/Common7/IDE/CommonExtensions/Microsoft/CMake/CMake/share/cmake-3.30/Modules/CMakeDetermineCompilerId.cmake:64 (__determine_compiler_id_test)"
      - "C:/Program Files/Microsoft Visual Studio/2022/Community/Common7/IDE/CommonExtensions/Microsoft/CMake/CMake/share/cmake-3.30/Modules/CMakeDetermineCCompiler.cmake:123 (CMAKE_DETERMINE_COMPILER_ID)"
      - "CMakeLists.txt:4 (project)"
    message: |
      Compiling the C compiler identification source file "CMakeCCompilerId.c" succeeded.
      Compiler: C:/Program Files/Microsoft Visual Studio/2022/Community/VC/Tools/MSVC/14.43.34808/bin/Hostx64/x64/cl.exe 
      Build flags: /nologo;/DWIN32;/D_WINDOWS;/utf-8;/MP
      Id flags:  
      
      The output was:
      0
      CMakeCCompilerId.c
      
      
      Compilation of the C compiler identification source "CMakeCCompilerId.c" produced "CMakeCCompilerId.exe"
      
      Compilation of the C compiler identification source "CMakeCCompilerId.c" produced "CMakeCCompilerId.obj"
      
      The C compiler identification is MSVC, found in:
        C:/Users/weibi/source/repos/ShipmentItems/vcpkg_installed/vcpkg/blds/zlib/x64-windows-rel/CMakeFiles/3.30.5-msvc23/CompilerIdC/CMakeCCompilerId.exe
      
  -
    kind: "message-v1"
    backtrace:
      - "C:/Program Files/Microsoft Visual Studio/2022/Community/Common7/IDE/CommonExtensions/Microsoft/CMake/CMake/share/cmake-3.30/Modules/CMakeDetermineCompilerId.cmake:1243 (message)"
      - "C:/Program Files/Microsoft Visual Studio/2022/Community/Common7/IDE/CommonExtensions/Microsoft/CMake/CMake/share/cmake-3.30/Modules/CMakeDetermineCompilerId.cmake:250 (CMAKE_DETERMINE_MSVC_SHOWINCLUDES_PREFIX)"
      - "C:/Program Files/Microsoft Visual Studio/2022/Community/Common7/IDE/CommonExtensions/Microsoft/CMake/CMake/share/cmake-3.30/Modules/CMakeDetermineCCompiler.cmake:123 (CMAKE_DETERMINE_COMPILER_ID)"
      - "CMakeLists.txt:4 (project)"
    message: |
      Detecting C compiler /showIncludes prefix:
        main.c
        Note: including file: C:\\Users\\weibi\\source\\repos\\ShipmentItems\\vcpkg_installed\\vcpkg\\blds\\zlib\\x64-windows-rel\\CMakeFiles\\ShowIncludes\\foo.h
        
      Found prefix "Note: including file: "
  -
    kind: "try_compile-v1"
    backtrace:
      - "C:/Program Files/Microsoft Visual Studio/2022/Community/Common7/IDE/CommonExtensions/Microsoft/CMake/CMake/share/cmake-3.30/Modules/CMakeDetermineCompilerABI.cmake:74 (try_compile)"
      - "C:/Program Files/Microsoft Visual Studio/2022/Community/Common7/IDE/CommonExtensions/Microsoft/CMake/CMake/share/cmake-3.30/Modules/CMakeTestCCompiler.cmake:26 (CMAKE_DETERMINE_COMPILER_ABI)"
      - "CMakeLists.txt:4 (project)"
    checks:
      - "Detecting C compiler ABI info"
    directories:
      source: "C:/Users/weibi/source/repos/ShipmentItems/vcpkg_installed/vcpkg/blds/zlib/x64-windows-rel/CMakeFiles/CMakeScratch/TryCompile-iu6pl4"
      binary: "C:/Users/weibi/source/repos/ShipmentItems/vcpkg_installed/vcpkg/blds/zlib/x64-windows-rel/CMakeFiles/CMakeScratch/TryCompile-iu6pl4"
    cmakeVariables:
      CMAKE_C_FLAGS: " /nologo /DWIN32 /D_WINDOWS /utf-8 /MP "
      CMAKE_C_FLAGS_DEBUG: "/D_DEBUG /MDd /Z7 /Ob0 /Od /RTC1 "
      CMAKE_EXE_LINKER_FLAGS: "/machine:x64"
      CMAKE_MSVC_DEBUG_INFORMATION_FORMAT: ""
      CMAKE_MSVC_RUNTIME_LIBRARY: "MultiThreaded$<$<CONFIG:Debug>:Debug>$<$<STREQUAL:dynamic,dynamic>:DLL>"
      VCPKG_CHAINLOAD_TOOLCHAIN_FILE: "C:/Program Files/Microsoft Visual Studio/2022/Community/VC/vcpkg/scripts/toolchains/windows.cmake"
      VCPKG_CRT_LINKAGE: "dynamic"
      VCPKG_CXX_FLAGS: ""
      VCPKG_CXX_FLAGS_DEBUG: ""
      VCPKG_CXX_FLAGS_RELEASE: ""
      VCPKG_C_FLAGS: ""
      VCPKG_C_FLAGS_DEBUG: ""
      VCPKG_C_FLAGS_RELEASE: ""
      VCPKG_INSTALLED_DIR: "C:/Users/weibi/source/repos/ShipmentItems/vcpkg_installed"
      VCPKG_LINKER_FLAGS: ""
      VCPKG_LINKER_FLAGS_DEBUG: ""
      VCPKG_LINKER_FLAGS_RELEASE: ""
      VCPKG_PLATFORM_TOOLSET: "v143"
      VCPKG_PREFER_SYSTEM_LIBS: "OFF"
      VCPKG_SET_CHARSET_FLAG: "ON"
      VCPKG_TARGET_ARCHITECTURE: "x64"
      VCPKG_TARGET_TRIPLET: "x64-windows"
      Z_VCPKG_ROOT_DIR: "C:/Program Files/Microsoft Visual Studio/2022/Community/VC/vcpkg"
    buildResult:
      variable: "CMAKE_C_ABI_COMPILED"
      cached: true
      stdout: |
        Change Dir: 'C:/Users/weibi/source/repos/ShipmentItems/vcpkg_installed/vcpkg/blds/zlib/x64-windows-rel/CMakeFiles/CMakeScratch/TryCompile-iu6pl4'
        
        Run Build Command(s): "C:/Program Files/Microsoft Visual Studio/2022/Community/Common7/IDE/CommonExtensions/Microsoft/CMake/Ninja/ninja.exe" -v cmTC_5f51a
        [1/2] C:\\PROGRA~1\\MIB055~1\\2022\\COMMUN~1\\VC\\Tools\\MSVC\\1443~1.348\\bin\\Hostx64\\x64\\cl.exe  /nologo   /nologo /DWIN32 /D_WINDOWS /utf-8 /MP   /D_DEBUG /MDd /Z7 /Ob0 /Od /RTC1  -MDd /showIncludes /FoCMakeFiles\\cmTC_5f51a.dir\\CMakeCCompilerABI.c.obj /FdCMakeFiles\\cmTC_5f51a.dir\\ /FS -c "C:\\Program Files\\Microsoft Visual Studio\\2022\\Community\\Common7\\IDE\\CommonExtensions\\Microsoft\\CMake\\CMake\\share\\cmake-3.30\\Modules\\CMakeCCompilerABI.c"
        [2/2] C:\\WINDOWS\\system32\\cmd.exe /C "cd . && "C:\\Program Files\\Microsoft Visual Studio\\2022\\Community\\Common7\\IDE\\CommonExtensions\\Microsoft\\CMake\\CMake\\bin\\cmake.exe" -E vs_link_exe --intdir=CMakeFiles\\cmTC_5f51a.dir --rc=C:\\PROGRA~2\\WI3CF2~1\\10\\bin\\100226~1.0\\x64\\rc.exe --mt=C:\\PROGRA~2\\WI3CF2~1\\10\\bin\\100226~1.0\\x64\\mt.exe --manifests  -- C:\\PROGRA~1\\MIB055~1\\2022\\COMMUN~1\\VC\\Tools\\MSVC\\1443~1.348\\bin\\Hostx64\\x64\\link.exe /nologo CMakeFiles\\cmTC_5f51a.dir\\CMakeCCompilerABI.c.obj  /out:cmTC_5f51a.exe /implib:cmTC_5f51a.lib /pdb:cmTC_5f51a.pdb /version:0.0 /machine:x64  /nologo    /debug /INCREMENTAL /subsystem:console  kernel32.lib user32.lib gdi32.lib winspool.lib shell32.lib ole32.lib oleaut32.lib uuid.lib comdlg32.lib advapi32.lib && cd ."
        
      exitCode: 0
  -
    kind: "message-v1"
    backtrace:
      - "C:/Program Files/Microsoft Visual Studio/2022/Community/Common7/IDE/CommonExtensions/Microsoft/CMake/CMake/share/cmake-3.30/Modules/CMakeDetermineCompilerABI.cmake:218 (message)"
      - "C:/Program Files/Microsoft Visual Studio/2022/Community/Common7/IDE/CommonExtensions/Microsoft/CMake/CMake/share/cmake-3.30/Modules/CMakeTestCCompiler.cmake:26 (CMAKE_DETERMINE_COMPILER_ABI)"
      - "CMakeLists.txt:4 (project)"
    message: |
      Parsed C implicit link information:
        link line regex: [^( *|.*[/\\])(ld[0-9]*(\\.[a-z]+)?|link\\.exe|lld-link(\\.exe)?|CMAKE_LINK_STARTFILE-NOTFOUND|([^/\\]+-)?ld|collect2)[^/\\]*( |$)]
        linker tool regex: [^[ 	]*(->|")?[ 	]*(([^"]*[/\\])?(ld[0-9]*(\\.[a-z]+)?|link\\.exe|lld-link(\\.exe)?))("|,| |$)]
        linker tool for 'C': C:/PROGRA~1/MIB055~1/2022/COMMUN~1/VC/Tools/MSVC/1443~1.348/bin/Hostx64/x64/link.exe
        implicit libs: []
        implicit objs: []
        implicit dirs: []
        implicit fwks: []
      
      
  -
    kind: "message-v1"
    backtrace:
      - "C:/Program Files/Microsoft Visual Studio/2022/Community/Common7/IDE/CommonExtensions/Microsoft/CMake/CMake/share/cmake-3.30/Modules/Internal/CMakeDetermineLinkerId.cmake:40 (message)"
      - "C:/Program Files/Microsoft Visual Studio/2022/Community/Common7/IDE/CommonExtensions/Microsoft/CMake/CMake/share/cmake-3.30/Modules/CMakeDetermineCompilerABI.cmake:255 (cmake_determine_linker_id)"
      - "C:/Program Files/Microsoft Visual Studio/2022/Community/Common7/IDE/CommonExtensions/Microsoft/CMake/CMake/share/cmake-3.30/Modules/CMakeTestCCompiler.cmake:26 (CMAKE_DETERMINE_COMPILER_ABI)"
      - "CMakeLists.txt:4 (project)"
    message: |
      Running the C compiler's linker: "C:/PROGRA~1/MIB055~1/2022/COMMUN~1/VC/Tools/MSVC/1443~1.348/bin/Hostx64/x64/link.exe" "-v"
      Microsoft (R) Incremental Linker Version 14.43.34809.0
      Copyright (C) Microsoft Corporation.  All rights reserved.
  -
    kind: "try_compile-v1"
    backtrace:
      - "C:/Program Files/Microsoft Visual Studio/2022/Community/Common7/IDE/CommonExtensions/Microsoft/CMake/CMake/share/cmake-3.30/Modules/CheckIncludeFile.cmake:90 (try_compile)"
      - "CMakeLists.txt:22 (check_include_file)"
    checks:
      - "Looking for sys/types.h"
    directories:
      source: "C:/Users/weibi/source/repos/ShipmentItems/vcpkg_installed/vcpkg/blds/zlib/x64-windows-rel/CMakeFiles/CMakeScratch/TryCompile-imtag8"
      binary: "C:/Users/weibi/source/repos/ShipmentItems/vcpkg_installed/vcpkg/blds/zlib/x64-windows-rel/CMakeFiles/CMakeScratch/TryCompile-imtag8"
    cmakeVariables:
      CMAKE_C_FLAGS: " /nologo /DWIN32 /D_WINDOWS /utf-8 /MP "
      CMAKE_C_FLAGS_DEBUG: "/D_DEBUG /MDd /Z7 /Ob0 /Od /RTC1 "
      CMAKE_EXE_LINKER_FLAGS: "/machine:x64"
      CMAKE_MSVC_DEBUG_INFORMATION_FORMAT: ""
      CMAKE_MSVC_RUNTIME_LIBRARY: "MultiThreaded$<$<CONFIG:Debug>:Debug>$<$<STREQUAL:dynamic,dynamic>:DLL>"
      VCPKG_CHAINLOAD_TOOLCHAIN_FILE: "C:/Program Files/Microsoft Visual Studio/2022/Community/VC/vcpkg/scripts/toolchains/windows.cmake"
      VCPKG_CRT_LINKAGE: "dynamic"
      VCPKG_CXX_FLAGS: ""
      VCPKG_CXX_FLAGS_DEBUG: ""
      VCPKG_CXX_FLAGS_RELEASE: ""
      VCPKG_C_FLAGS: ""
      VCPKG_C_FLAGS_DEBUG: ""
      VCPKG_C_FLAGS_RELEASE: ""
      VCPKG_INSTALLED_DIR: "C:/Users/weibi/source/repos/ShipmentItems/vcpkg_installed"
      VCPKG_LINKER_FLAGS: ""
      VCPKG_LINKER_FLAGS_DEBUG: ""
      VCPKG_LINKER_FLAGS_RELEASE: ""
      VCPKG_PLATFORM_TOOLSET: "v143"
      VCPKG_PREFER_SYSTEM_LIBS: "OFF"
      VCPKG_SET_CHARSET_FLAG: "ON"
      VCPKG_TARGET_ARCHITECTURE: "x64"
      VCPKG_TARGET_TRIPLET: "x64-windows"
      Z_VCPKG_ROOT_DIR: "C:/Program Files/Microsoft Visual Studio/2022/Community/VC/vcpkg"
    buildResult:
      variable: "HAVE_SYS_TYPES_H"
      cached: true
      stdout: |
        Change Dir: 'C:/Users/weibi/source/repos/ShipmentItems/vcpkg_installed/vcpkg/blds/zlib/x64-windows-rel/CMakeFiles/CMakeScratch/TryCompile-imtag8'
        
        Run Build Command(s): "C:/Program Files/Microsoft Visual Studio/2022/Community/Common7/IDE/CommonExtensions/Microsoft/CMake/Ninja/ninja.exe" -v cmTC_e4035
        [1/2] C:\\PROGRA~1\\MIB055~1\\2022\\COMMUN~1\\VC\\Tools\\MSVC\\1443~1.348\\bin\\Hostx64\\x64\\cl.exe  /nologo   /nologo /DWIN32 /D_WINDOWS /utf-8 /MP   /D_DEBUG /MDd /Z7 /Ob0 /Od /RTC1  -MDd /showIncludes /FoCMakeFiles\\cmTC_e4035.dir\\CheckIncludeFile.c.obj /FdCMakeFiles\\cmTC_e4035.dir\\ /FS -c C:\\Users\\weibi\\source\\repos\\ShipmentItems\\vcpkg_installed\\vcpkg\\blds\\zlib\\x64-windows-rel\\CMakeFiles\\CMakeScratch\\TryCompile-imtag8\\CheckIncludeFile.c
        [2/2] C:\\WINDOWS\\system32\\cmd.exe /C "cd . && "C:\\Program Files\\Microsoft Visual Studio\\2022\\Community\\Common7\\IDE\\CommonExtensions\\Microsoft\\CMake\\CMake\\bin\\cmake.exe" -E vs_link_exe --intdir=CMakeFiles\\cmTC_e4035.dir --rc=C:\\PROGRA~2\\WI3CF2~1\\10\\bin\\100226~1.0\\x64\\rc.exe --mt=C:\\PROGRA~2\\WI3CF2~1\\10\\bin\\100226~1.0\\x64\\mt.exe --manifests  -- C:\\PROGRA~1\\MIB055~1\\2022\\COMMUN~1\\VC\\Tools\\MSVC\\1443~1.348\\bin\\Hostx64\\x64\\link.exe /nologo CMakeFiles\\cmTC_e4035.dir\\CheckIncludeFile.c.obj  /out:cmTC_e4035.exe /implib:cmTC_e4035.lib /pdb:cmTC_e4035.pdb /version:0.0 /machine:x64  /nologo    /debug /INCREMENTAL /subsystem:console  kernel32.lib user32.lib gdi32.lib winspool.lib shell32.lib ole32.lib oleaut32.lib uuid.lib comdlg32.lib advapi32.lib && cd ."
        
      exitCode: 0
  -
    kind: "try_compile-v1"
    backtrace:
      - "C:/Program Files/Microsoft Visual Studio/2022/Community/Common7/IDE/CommonExtensions/Microsoft/CMake/CMake/share/cmake-3.30/Modules/CheckIncludeFile.cmake:90 (try_compile)"
      - "CMakeLists.txt:23 (check_include_file)"
    checks:
      - "Looking for stdint.h"
    directories:
      source: "C:/Users/weibi/source/repos/ShipmentItems/vcpkg_installed/vcpkg/blds/zlib/x64-windows-rel/CMakeFiles/CMakeScratch/TryCompile-gvf8du"
      binary: "C:/Users/weibi/source/repos/ShipmentItems/vcpkg_installed/vcpkg/blds/zlib/x64-windows-rel/CMakeFiles/CMakeScratch/TryCompile-gvf8du"
    cmakeVariables:
      CMAKE_C_FLAGS: " /nologo /DWIN32 /D_WINDOWS /utf-8 /MP "
      CMAKE_C_FLAGS_DEBUG: "/D_DEBUG /MDd /Z7 /Ob0 /Od /RTC1 "
      CMAKE_EXE_LINKER_FLAGS: "/machine:x64"
      CMAKE_MSVC_DEBUG_INFORMATION_FORMAT: ""
      CMAKE_MSVC_RUNTIME_LIBRARY: "MultiThreaded$<$<CONFIG:Debug>:Debug>$<$<STREQUAL:dynamic,dynamic>:DLL>"
      VCPKG_CHAINLOAD_TOOLCHAIN_FILE: "C:/Program Files/Microsoft Visual Studio/2022/Community/VC/vcpkg/scripts/toolchains/windows.cmake"
      VCPKG_CRT_LINKAGE: "dynamic"
      VCPKG_CXX_FLAGS: ""
      VCPKG_CXX_FLAGS_DEBUG: ""
      VCPKG_CXX_FLAGS_RELEASE: ""
      VCPKG_C_FLAGS: ""
      VCPKG_C_FLAGS_DEBUG: ""
      VCPKG_C_FLAGS_RELEASE: ""
      VCPKG_INSTALLED_DIR: "C:/Users/weibi/source/repos/ShipmentItems/vcpkg_installed"
      VCPKG_LINKER_FLAGS: ""
      VCPKG_LINKER_FLAGS_DEBUG: ""
      VCPKG_LINKER_FLAGS_RELEASE: ""
      VCPKG_PLATFORM_TOOLSET: "v143"
      VCPKG_PREFER_SYSTEM_LIBS: "OFF"
      VCPKG_SET_CHARSET_FLAG: "ON"
      VCPKG_TARGET_ARCHITECTURE: "x64"
      VCPKG_TARGET_TRIPLET: "x64-windows"
      Z_VCPKG_ROOT_DIR: "C:/Program Files/Microsoft Visual Studio/2022/Community/VC/vcpkg"
    buildResult:
      variable: "HAVE_STDINT_H"
      cached: true
      stdout: |
        Change Dir: 'C:/Users/weibi/source/repos/ShipmentItems/vcpkg_installed/vcpkg/blds/zlib/x64-windows-rel/CMakeFiles/CMakeScratch/TryCompile-gvf8du'
        
        Run Build Command(s): "C:/Program Files/Microsoft Visual Studio/2022/Community/Common7/IDE/CommonExtensions/Microsoft/CMake/Ninja/ninja.exe" -v cmTC_04135
        [1/2] C:\\PROGRA~1\\MIB055~1\\2022\\COMMUN~1\\VC\\Tools\\MSVC\\1443~1.348\\bin\\Hostx64\\x64\\cl.exe  /nologo   /nologo /DWIN32 /D_WINDOWS /utf-8 /MP   /D_DEBUG /MDd /Z7 /Ob0 /Od /RTC1  -MDd /showIncludes /FoCMakeFiles\\cmTC_04135.dir\\CheckIncludeFile.c.obj /FdCMakeFiles\\cmTC_04135.dir\\ /FS -c C:\\Users\\weibi\\source\\repos\\ShipmentItems\\vcpkg_installed\\vcpkg\\blds\\zlib\\x64-windows-rel\\CMakeFiles\\CMakeScratch\\TryCompile-gvf8du\\CheckIncludeFile.c
        [2/2] C:\\WINDOWS\\system32\\cmd.exe /C "cd . && "C:\\Program Files\\Microsoft Visual Studio\\2022\\Community\\Common7\\IDE\\CommonExtensions\\Microsoft\\CMake\\CMake\\bin\\cmake.exe" -E vs_link_exe --intdir=CMakeFiles\\cmTC_04135.dir --rc=C:\\PROGRA~2\\WI3CF2~1\\10\\bin\\100226~1.0\\x64\\rc.exe --mt=C:\\PROGRA~2\\WI3CF2~1\\10\\bin\\100226~1.0\\x64\\mt.exe --manifests  -- C:\\PROGRA~1\\MIB055~1\\2022\\COMMUN~1\\VC\\Tools\\MSVC\\1443~1.348\\bin\\Hostx64\\x64\\link.exe /nologo CMakeFiles\\cmTC_04135.dir\\CheckIncludeFile.c.obj  /out:cmTC_04135.exe /implib:cmTC_04135.lib /pdb:cmTC_04135.pdb /version:0.0 /machine:x64  /nologo    /debug /INCREMENTAL /subsystem:console  kernel32.lib user32.lib gdi32.lib winspool.lib shell32.lib ole32.lib oleaut32.lib uuid.lib comdlg32.lib advapi32.lib && cd ."
        
      exitCode: 0
  -
    kind: "try_compile-v1"
    backtrace:
      - "C:/Program Files/Microsoft Visual Studio/2022/Community/Common7/IDE/CommonExtensions/Microsoft/CMake/CMake/share/cmake-3.30/Modules/CheckIncludeFile.cmake:90 (try_compile)"
      - "CMakeLists.txt:24 (check_include_file)"
    checks:
      - "Looking for stddef.h"
    directories:
      source: "C:/Users/weibi/source/repos/ShipmentItems/vcpkg_installed/vcpkg/blds/zlib/x64-windows-rel/CMakeFiles/CMakeScratch/TryCompile-bjk58d"
      binary: "C:/Users/weibi/source/repos/ShipmentItems/vcpkg_installed/vcpkg/blds/zlib/x64-windows-rel/CMakeFiles/CMakeScratch/TryCompile-bjk58d"
    cmakeVariables:
      CMAKE_C_FLAGS: " /nologo /DWIN32 /D_WINDOWS /utf-8 /MP "
      CMAKE_C_FLAGS_DEBUG: "/D_DEBUG /MDd /Z7 /Ob0 /Od /RTC1 "
      CMAKE_EXE_LINKER_FLAGS: "/machine:x64"
      CMAKE_MSVC_DEBUG_INFORMATION_FORMAT: ""
      CMAKE_MSVC_RUNTIME_LIBRARY: "MultiThreaded$<$<CONFIG:Debug>:Debug>$<$<STREQUAL:dynamic,dynamic>:DLL>"
      VCPKG_CHAINLOAD_TOOLCHAIN_FILE: "C:/Program Files/Microsoft Visual Studio/2022/Community/VC/vcpkg/scripts/toolchains/windows.cmake"
      VCPKG_CRT_LINKAGE: "dynamic"
      VCPKG_CXX_FLAGS: ""
      VCPKG_CXX_FLAGS_DEBUG: ""
      VCPKG_CXX_FLAGS_RELEASE: ""
      VCPKG_C_FLAGS: ""
      VCPKG_C_FLAGS_DEBUG: ""
      VCPKG_C_FLAGS_RELEASE: ""
      VCPKG_INSTALLED_DIR: "C:/Users/weibi/source/repos/ShipmentItems/vcpkg_installed"
      VCPKG_LINKER_FLAGS: ""
      VCPKG_LINKER_FLAGS_DEBUG: ""
      VCPKG_LINKER_FLAGS_RELEASE: ""
      VCPKG_PLATFORM_TOOLSET: "v143"
      VCPKG_PREFER_SYSTEM_LIBS: "OFF"
      VCPKG_SET_CHARSET_FLAG: "ON"
      VCPKG_TARGET_ARCHITECTURE: "x64"
      VCPKG_TARGET_TRIPLET: "x64-windows"
      Z_VCPKG_ROOT_DIR: "C:/Program Files/Microsoft Visual Studio/2022/Community/VC/vcpkg"
    buildResult:
      variable: "HAVE_STDDEF_H"
      cached: true
      stdout: |
        Change Dir: 'C:/Users/weibi/source/repos/ShipmentItems/vcpkg_installed/vcpkg/blds/zlib/x64-windows-rel/CMakeFiles/CMakeScratch/TryCompile-bjk58d'
        
        Run Build Command(s): "C:/Program Files/Microsoft Visual Studio/2022/Community/Common7/IDE/CommonExtensions/Microsoft/CMake/Ninja/ninja.exe" -v cmTC_8a8a7
        [1/2] C:\\PROGRA~1\\MIB055~1\\2022\\COMMUN~1\\VC\\Tools\\MSVC\\1443~1.348\\bin\\Hostx64\\x64\\cl.exe  /nologo   /nologo /DWIN32 /D_WINDOWS /utf-8 /MP   /D_DEBUG /MDd /Z7 /Ob0 /Od /RTC1  -MDd /showIncludes /FoCMakeFiles\\cmTC_8a8a7.dir\\CheckIncludeFile.c.obj /FdCMakeFiles\\cmTC_8a8a7.dir\\ /FS -c C:\\Users\\weibi\\source\\repos\\ShipmentItems\\vcpkg_installed\\vcpkg\\blds\\zlib\\x64-windows-rel\\CMakeFiles\\CMakeScratch\\TryCompile-bjk58d\\CheckIncludeFile.c
        [2/2] C:\\WINDOWS\\system32\\cmd.exe /C "cd . && "C:\\Program Files\\Microsoft Visual Studio\\2022\\Community\\Common7\\IDE\\CommonExtensions\\Microsoft\\CMake\\CMake\\bin\\cmake.exe" -E vs_link_exe --intdir=CMakeFiles\\cmTC_8a8a7.dir --rc=C:\\PROGRA~2\\WI3CF2~1\\10\\bin\\100226~1.0\\x64\\rc.exe --mt=C:\\PROGRA~2\\WI3CF2~1\\10\\bin\\100226~1.0\\x64\\mt.exe --manifests  -- C:\\PROGRA~1\\MIB055~1\\2022\\COMMUN~1\\VC\\Tools\\MSVC\\1443~1.348\\bin\\Hostx64\\x64\\link.exe /nologo CMakeFiles\\cmTC_8a8a7.dir\\CheckIncludeFile.c.obj  /out:cmTC_8a8a7.exe /implib:cmTC_8a8a7.lib /pdb:cmTC_8a8a7.pdb /version:0.0 /machine:x64  /nologo    /debug /INCREMENTAL /subsystem:console  kernel32.lib user32.lib gdi32.lib winspool.lib shell32.lib ole32.lib oleaut32.lib uuid.lib comdlg32.lib advapi32.lib && cd ."
        
      exitCode: 0
  -
    kind: "try_compile-v1"
    backtrace:
      - "C:/Program Files/Microsoft Visual Studio/2022/Community/Common7/IDE/CommonExtensions/Microsoft/CMake/CMake/share/cmake-3.30/Modules/CheckTypeSize.cmake:147 (try_compile)"
      - "C:/Program Files/Microsoft Visual Studio/2022/Community/Common7/IDE/CommonExtensions/Microsoft/CMake/CMake/share/cmake-3.30/Modules/CheckTypeSize.cmake:272 (__check_type_size_impl)"
      - "CMakeLists.txt:42 (check_type_size)"
    checks:
      - "Check size of off64_t"
    directories:
      source: "C:/Users/weibi/source/repos/ShipmentItems/vcpkg_installed/vcpkg/blds/zlib/x64-windows-rel/CMakeFiles/CMakeScratch/TryCompile-hxiucs"
      binary: "C:/Users/weibi/source/repos/ShipmentItems/vcpkg_installed/vcpkg/blds/zlib/x64-windows-rel/CMakeFiles/CMakeScratch/TryCompile-hxiucs"
    cmakeVariables:
      CMAKE_C_FLAGS: " /nologo /DWIN32 /D_WINDOWS /utf-8 /MP "
      CMAKE_C_FLAGS_DEBUG: "/D_DEBUG /MDd /Z7 /Ob0 /Od /RTC1 "
      CMAKE_EXE_LINKER_FLAGS: "/machine:x64"
      CMAKE_MSVC_DEBUG_INFORMATION_FORMAT: ""
      CMAKE_MSVC_RUNTIME_LIBRARY: "MultiThreaded$<$<CONFIG:Debug>:Debug>$<$<STREQUAL:dynamic,dynamic>:DLL>"
      VCPKG_CHAINLOAD_TOOLCHAIN_FILE: "C:/Program Files/Microsoft Visual Studio/2022/Community/VC/vcpkg/scripts/toolchains/windows.cmake"
      VCPKG_CRT_LINKAGE: "dynamic"
      VCPKG_CXX_FLAGS: ""
      VCPKG_CXX_FLAGS_DEBUG: ""
      VCPKG_CXX_FLAGS_RELEASE: ""
      VCPKG_C_FLAGS: ""
      VCPKG_C_FLAGS_DEBUG: ""
      VCPKG_C_FLAGS_RELEASE: ""
      VCPKG_INSTALLED_DIR: "C:/Users/weibi/source/repos/ShipmentItems/vcpkg_installed"
      VCPKG_LINKER_FLAGS: ""
      VCPKG_LINKER_FLAGS_DEBUG: ""
      VCPKG_LINKER_FLAGS_RELEASE: ""
      VCPKG_PLATFORM_TOOLSET: "v143"
      VCPKG_PREFER_SYSTEM_LIBS: "OFF"
      VCPKG_SET_CHARSET_FLAG: "ON"
      VCPKG_TARGET_ARCHITECTURE: "x64"
      VCPKG_TARGET_TRIPLET: "x64-windows"
      Z_VCPKG_ROOT_DIR: "C:/Program Files/Microsoft Visual Studio/2022/Community/VC/vcpkg"
    buildResult:
      variable: "HAVE_OFF64_T"
      cached: true
      stdout: |
        Change Dir: 'C:/Users/weibi/source/repos/ShipmentItems/vcpkg_installed/vcpkg/blds/zlib/x64-windows-rel/CMakeFiles/CMakeScratch/TryCompile-hxiucs'
        
        Run Build Command(s): "C:/Program Files/Microsoft Visual Studio/2022/Community/Common7/IDE/CommonExtensions/Microsoft/CMake/Ninja/ninja.exe" -v cmTC_8bfbe
        [1/2] C:\\PROGRA~1\\MIB055~1\\2022\\COMMUN~1\\VC\\Tools\\MSVC\\1443~1.348\\bin\\Hostx64\\x64\\cl.exe  /nologo -DHAVE_STDDEF_H -DHAVE_STDINT_H -DHAVE_SYS_TYPES_H -D_LARGEFILE64_SOURCE=1  /nologo /DWIN32 /D_WINDOWS /utf-8 /MP   /D_DEBUG /MDd /Z7 /Ob0 /Od /RTC1  -MDd /showIncludes /FoCMakeFiles\\cmTC_8bfbe.dir\\OFF64_T.c.obj /FdCMakeFiles\\cmTC_8bfbe.dir\\ /FS -c C:\\Users\\weibi\\source\\repos\\ShipmentItems\\vcpkg_installed\\vcpkg\\blds\\zlib\\x64-windows-rel\\CMakeFiles\\CMakeScratch\\TryCompile-hxiucs\\OFF64_T.c
        FAILED: CMakeFiles/cmTC_8bfbe.dir/OFF64_T.c.obj 
        C:\\PROGRA~1\\MIB055~1\\2022\\COMMUN~1\\VC\\Tools\\MSVC\\1443~1.348\\bin\\Hostx64\\x64\\cl.exe  /nologo -DHAVE_STDDEF_H -DHAVE_STDINT_H -DHAVE_SYS_TYPES_H -D_LARGEFILE64_SOURCE=1  /nologo /DWIN32 /D_WINDOWS /utf-8 /MP   /D_DEBUG /MDd /Z7 /Ob0 /Od /RTC1  -MDd /showIncludes /FoCMakeFiles\\cmTC_8bfbe.dir\\OFF64_T.c.obj /FdCMakeFiles\\cmTC_8bfbe.dir\\ /FS -c C:\\Users\\weibi\\source\\repos\\ShipmentItems\\vcpkg_installed\\vcpkg\\blds\\zlib\\x64-windows-rel\\CMakeFiles\\CMakeScratch\\TryCompile-hxiucs\\OFF64_T.c
        C:\\Users\\weibi\\source\\repos\\ShipmentItems\\vcpkg_installed\\vcpkg\\blds\\zlib\\x64-windows-rel\\CMakeFiles\\CMakeScratch\\TryCompile-hxiucs\\OFF64_T.c(29): error C2065: 'off64_t': undeclared identifier
        C:\\Users\\weibi\\source\\repos\\ShipmentItems\\vcpkg_installed\\vcpkg\\blds\\zlib\\x64-windows-rel\\CMakeFiles\\CMakeScratch\\TryCompile-hxiucs\\OFF64_T.c(30): error C2065: 'off64_t': undeclared identifier
        C:\\Users\\weibi\\source\\repos\\ShipmentItems\\vcpkg_installed\\vcpkg\\blds\\zlib\\x64-windows-rel\\CMakeFiles\\CMakeScratch\\TryCompile-hxiucs\\OFF64_T.c(31): error C2065: 'off64_t': undeclared identifier
        C:\\Users\\weibi\\source\\repos\\ShipmentItems\\vcpkg_installed\\vcpkg\\blds\\zlib\\x64-windows-rel\\CMakeFiles\\CMakeScratch\\TryCompile-hxiucs\\OFF64_T.c(32): error C2065: 'off64_t': undeclared identifier
        C:\\Users\\weibi\\source\\repos\\ShipmentItems\\vcpkg_installed\\vcpkg\\blds\\zlib\\x64-windows-rel\\CMakeFiles\\CMakeScratch\\TryCompile-hxiucs\\OFF64_T.c(33): error C2065: 'off64_t': undeclared identifier
        ninja: build stopped: subcommand failed.
        
      exitCode: 1
  -
    kind: "try_compile-v1"
    backtrace:
      - "C:/Program Files/Microsoft Visual Studio/2022/Community/Common7/IDE/CommonExtensions/Microsoft/CMake/CMake/share/cmake-3.30/Modules/CheckFunctionExists.cmake:86 (try_compile)"
      - "CMakeLists.txt:51 (check_function_exists)"
    checks:
      - "Looking for fseeko"
    directories:
      source: "C:/Users/weibi/source/repos/ShipmentItems/vcpkg_installed/vcpkg/blds/zlib/x64-windows-rel/CMakeFiles/CMakeScratch/TryCompile-kpgnho"
      binary: "C:/Users/weibi/source/repos/ShipmentItems/vcpkg_installed/vcpkg/blds/zlib/x64-windows-rel/CMakeFiles/CMakeScratch/TryCompile-kpgnho"
    cmakeVariables:
      CMAKE_C_FLAGS: " /nologo /DWIN32 /D_WINDOWS /utf-8 /MP "
      CMAKE_C_FLAGS_DEBUG: "/D_DEBUG /MDd /Z7 /Ob0 /Od /RTC1 "
      CMAKE_EXE_LINKER_FLAGS: "/machine:x64"
      CMAKE_MSVC_DEBUG_INFORMATION_FORMAT: ""
      CMAKE_MSVC_RUNTIME_LIBRARY: "MultiThreaded$<$<CONFIG:Debug>:Debug>$<$<STREQUAL:dynamic,dynamic>:DLL>"
      VCPKG_CHAINLOAD_TOOLCHAIN_FILE: "C:/Program Files/Microsoft Visual Studio/2022/Community/VC/vcpkg/scripts/toolchains/windows.cmake"
      VCPKG_CRT_LINKAGE: "dynamic"
      VCPKG_CXX_FLAGS: ""
      VCPKG_CXX_FLAGS_DEBUG: ""
      VCPKG_CXX_FLAGS_RELEASE: ""
      VCPKG_C_FLAGS: ""
      VCPKG_C_FLAGS_DEBUG: ""
      VCPKG_C_FLAGS_RELEASE: ""
      VCPKG_INSTALLED_DIR: "C:/Users/weibi/source/repos/ShipmentItems/vcpkg_installed"
      VCPKG_LINKER_FLAGS: ""
      VCPKG_LINKER_FLAGS_DEBUG: ""
      VCPKG_LINKER_FLAGS_RELEASE: ""
      VCPKG_PLATFORM_TOOLSET: "v143"
      VCPKG_PREFER_SYSTEM_LIBS: "OFF"
      VCPKG_SET_CHARSET_FLAG: "ON"
      VCPKG_TARGET_ARCHITECTURE: "x64"
      VCPKG_TARGET_TRIPLET: "x64-windows"
      Z_VCPKG_ROOT_DIR: "C:/Program Files/Microsoft Visual Studio/2022/Community/VC/vcpkg"
    buildResult:
      variable: "HAVE_FSEEKO"
      cached: true
      stdout: |
        Change Dir: 'C:/Users/weibi/source/repos/ShipmentItems/vcpkg_installed/vcpkg/blds/zlib/x64-windows-rel/CMakeFiles/CMakeScratch/TryCompile-kpgnho'
        
        Run Build Command(s): "C:/Program Files/Microsoft Visual Studio/2022/Community/Common7/IDE/CommonExtensions/Microsoft/CMake/Ninja/ninja.exe" -v cmTC_3c90f
        [1/2] C:\\PROGRA~1\\MIB055~1\\2022\\COMMUN~1\\VC\\Tools\\MSVC\\1443~1.348\\bin\\Hostx64\\x64\\cl.exe  /nologo   /nologo /DWIN32 /D_WINDOWS /utf-8 /MP  -DCHECK_FUNCTION_EXISTS=fseeko /D_DEBUG /MDd /Z7 /Ob0 /Od /RTC1  -MDd /showIncludes /FoCMakeFiles\\cmTC_3c90f.dir\\CheckFunctionExists.c.obj /FdCMakeFiles\\cmTC_3c90f.dir\\ /FS -c C:\\Users\\weibi\\source\\repos\\ShipmentItems\\vcpkg_installed\\vcpkg\\blds\\zlib\\x64-windows-rel\\CMakeFiles\\CMakeScratch\\TryCompile-kpgnho\\CheckFunctionExists.c
        [2/2] C:\\WINDOWS\\system32\\cmd.exe /C "cd . && "C:\\Program Files\\Microsoft Visual Studio\\2022\\Community\\Common7\\IDE\\CommonExtensions\\Microsoft\\CMake\\CMake\\bin\\cmake.exe" -E vs_link_exe --intdir=CMakeFiles\\cmTC_3c90f.dir --rc=C:\\PROGRA~2\\WI3CF2~1\\10\\bin\\100226~1.0\\x64\\rc.exe --mt=C:\\PROGRA~2\\WI3CF2~1\\10\\bin\\100226~1.0\\x64\\mt.exe --manifests  -- C:\\PROGRA~1\\MIB055~1\\2022\\COMMUN~1\\VC\\Tools\\MSVC\\1443~1.348\\bin\\Hostx64\\x64\\link.exe /nologo CMakeFiles\\cmTC_3c90f.dir\\CheckFunctionExists.c.obj  /out:cmTC_3c90f.exe /implib:cmTC_3c90f.lib /pdb:cmTC_3c90f.pdb /version:0.0 /machine:x64  /nologo    /debug /INCREMENTAL /subsystem:console  kernel32.lib user32.lib gdi32.lib winspool.lib shell32.lib ole32.lib oleaut32.lib uuid.lib comdlg32.lib advapi32.lib && cd ."
        FAILED: cmTC_3c90f.exe 
        C:\\WINDOWS\\system32\\cmd.exe /C "cd . && "C:\\Program Files\\Microsoft Visual Studio\\2022\\Community\\Common7\\IDE\\CommonExtensions\\Microsoft\\CMake\\CMake\\bin\\cmake.exe" -E vs_link_exe --intdir=CMakeFiles\\cmTC_3c90f.dir --rc=C:\\PROGRA~2\\WI3CF2~1\\10\\bin\\100226~1.0\\x64\\rc.exe --mt=C:\\PROGRA~2\\WI3CF2~1\\10\\bin\\100226~1.0\\x64\\mt.exe --manifests  -- C:\\PROGRA~1\\MIB055~1\\2022\\COMMUN~1\\VC\\Tools\\MSVC\\1443~1.348\\bin\\Hostx64\\x64\\link.exe /nologo CMakeFiles\\cmTC_3c90f.dir\\CheckFunctionExists.c.obj  /out:cmTC_3c90f.exe /implib:cmTC_3c90f.lib /pdb:cmTC_3c90f.pdb /version:0.0 /machine:x64  /nologo    /debug /INCREMENTAL /subsystem:console  kernel32.lib user32.lib gdi32.lib winspool.lib shell32.lib ole32.lib oleaut32.lib uuid.lib comdlg32.lib advapi32.lib && cd ."
        LINK Pass 1: command "C:\\PROGRA~1\\MIB055~1\\2022\\COMMUN~1\\VC\\Tools\\MSVC\\1443~1.348\\bin\\Hostx64\\x64\\link.exe /nologo CMakeFiles\\cmTC_3c90f.dir\\CheckFunctionExists.c.obj /out:cmTC_3c90f.exe /implib:cmTC_3c90f.lib /pdb:cmTC_3c90f.pdb /version:0.0 /machine:x64 /nologo /debug /INCREMENTAL /subsystem:console kernel32.lib user32.lib gdi32.lib winspool.lib shell32.lib ole32.lib oleaut32.lib uuid.lib comdlg32.lib advapi32.lib /MANIFEST /MANIFESTFILE:CMakeFiles\\cmTC_3c90f.dir/intermediate.manifest CMakeFiles\\cmTC_3c90f.dir/manifest.res" failed (exit code 1120) with the following output:
        CheckFunctionExists.c.obj : error LNK2019: unresolved external symbol fseeko referenced in function main\x0d
        cmTC_3c90f.exe : fatal error LNK1120: 1 unresolved externals\x0d
        ninja: build stopped: subcommand failed.
        
      exitCode: 1
  -
    kind: "try_compile-v1"
    backtrace:
      - "C:/Program Files/Microsoft Visual Studio/2022/Community/Common7/IDE/CommonExtensions/Microsoft/CMake/CMake/share/cmake-3.30/Modules/CheckIncludeFile.cmake:90 (try_compile)"
      - "CMakeLists.txt:59 (check_include_file)"
    checks:
      - "Looking for unistd.h"
    directories:
      source: "C:/Users/weibi/source/repos/ShipmentItems/vcpkg_installed/vcpkg/blds/zlib/x64-windows-rel/CMakeFiles/CMakeScratch/TryCompile-pa9k0m"
      binary: "C:/Users/weibi/source/repos/ShipmentItems/vcpkg_installed/vcpkg/blds/zlib/x64-windows-rel/CMakeFiles/CMakeScratch/TryCompile-pa9k0m"
    cmakeVariables:
      CMAKE_C_FLAGS: " /nologo /DWIN32 /D_WINDOWS /utf-8 /MP "
      CMAKE_C_FLAGS_DEBUG: "/D_DEBUG /MDd /Z7 /Ob0 /Od /RTC1 "
      CMAKE_EXE_LINKER_FLAGS: "/machine:x64"
      CMAKE_MSVC_DEBUG_INFORMATION_FORMAT: ""
      CMAKE_MSVC_RUNTIME_LIBRARY: "MultiThreaded$<$<CONFIG:Debug>:Debug>$<$<STREQUAL:dynamic,dynamic>:DLL>"
      VCPKG_CHAINLOAD_TOOLCHAIN_FILE: "C:/Program Files/Microsoft Visual Studio/2022/Community/VC/vcpkg/scripts/toolchains/windows.cmake"
      VCPKG_CRT_LINKAGE: "dynamic"
      VCPKG_CXX_FLAGS: ""
      VCPKG_CXX_FLAGS_DEBUG: ""
      VCPKG_CXX_FLAGS_RELEASE: ""
      VCPKG_C_FLAGS: ""
      VCPKG_C_FLAGS_DEBUG: ""
      VCPKG_C_FLAGS_RELEASE: ""
      VCPKG_INSTALLED_DIR: "C:/Users/weibi/source/repos/ShipmentItems/vcpkg_installed"
      VCPKG_LINKER_FLAGS: ""
      VCPKG_LINKER_FLAGS_DEBUG: ""
      VCPKG_LINKER_FLAGS_RELEASE: ""
      VCPKG_PLATFORM_TOOLSET: "v143"
      VCPKG_PREFER_SYSTEM_LIBS: "OFF"
      VCPKG_SET_CHARSET_FLAG: "ON"
      VCPKG_TARGET_ARCHITECTURE: "x64"
      VCPKG_TARGET_TRIPLET: "x64-windows"
      Z_VCPKG_ROOT_DIR: "C:/Program Files/Microsoft Visual Studio/2022/Community/VC/vcpkg"
    buildResult:
      variable: "Z_HAVE_UNISTD_H"
      cached: true
      stdout: |
        Change Dir: 'C:/Users/weibi/source/repos/ShipmentItems/vcpkg_installed/vcpkg/blds/zlib/x64-windows-rel/CMakeFiles/CMakeScratch/TryCompile-pa9k0m'
        
        Run Build Command(s): "C:/Program Files/Microsoft Visual Studio/2022/Community/Common7/IDE/CommonExtensions/Microsoft/CMake/Ninja/ninja.exe" -v cmTC_c7d01
        [1/2] C:\\PROGRA~1\\MIB055~1\\2022\\COMMUN~1\\VC\\Tools\\MSVC\\1443~1.348\\bin\\Hostx64\\x64\\cl.exe  /nologo   /nologo /DWIN32 /D_WINDOWS /utf-8 /MP   /D_DEBUG /MDd /Z7 /Ob0 /Od /RTC1  -MDd /showIncludes /FoCMakeFiles\\cmTC_c7d01.dir\\CheckIncludeFile.c.obj /FdCMakeFiles\\cmTC_c7d01.dir\\ /FS -c C:\\Users\\weibi\\source\\repos\\ShipmentItems\\vcpkg_installed\\vcpkg\\blds\\zlib\\x64-windows-rel\\CMakeFiles\\CMakeScratch\\TryCompile-pa9k0m\\CheckIncludeFile.c
        FAILED: CMakeFiles/cmTC_c7d01.dir/CheckIncludeFile.c.obj 
        C:\\PROGRA~1\\MIB055~1\\2022\\COMMUN~1\\VC\\Tools\\MSVC\\1443~1.348\\bin\\Hostx64\\x64\\cl.exe  /nologo   /nologo /DWIN32 /D_WINDOWS /utf-8 /MP   /D_DEBUG /MDd /Z7 /Ob0 /Od /RTC1  -MDd /showIncludes /FoCMakeFiles\\cmTC_c7d01.dir\\CheckIncludeFile.c.obj /FdCMakeFiles\\cmTC_c7d01.dir\\ /FS -c C:\\Users\\weibi\\source\\repos\\ShipmentItems\\vcpkg_installed\\vcpkg\\blds\\zlib\\x64-windows-rel\\CMakeFiles\\CMakeScratch\\TryCompile-pa9k0m\\CheckIncludeFile.c
        C:\\Users\\weibi\\source\\repos\\ShipmentItems\\vcpkg_installed\\vcpkg\\blds\\zlib\\x64-windows-rel\\CMakeFiles\\CMakeScratch\\TryCompile-pa9k0m\\CheckIncludeFile.c(1): fatal error C1083: Cannot open include file: 'unistd.h': No such file or directory
        ninja: build stopped: subcommand failed.
        
      exitCode: 1
...
